

<!DOCTYPE html>
<html>
<head>
<meta charset="UTF-8">
<meta name="viewport" content="width=device-width, initial-scale=1, shrink-to-fit=no">
<title>My Spark Reports</title>
<link rel="apple-touch-icon" href="https://cdn.jsdelivr.net/gh/extent-framework/extent-github-cdn@b00a2d0486596e73dd7326beacf352c639623a0e/commons/img/logo.png">
<link rel="shortcut icon" href="https://cdn.jsdelivr.net/gh/extent-framework/extent-github-cdn@b00a2d0486596e73dd7326beacf352c639623a0e/commons/img/logo.png">
<link href="https://cdn.jsdelivr.net/gh/extent-framework/extent-github-cdn@d6562a79075e061305ccfdb82f01e5e195e2d307/spark/css/spark-style.css" rel="stylesheet" />
<link href="https://stackpath.bootstrapcdn.com/font-awesome/4.7.0/css/font-awesome.min.css" rel="stylesheet">
<script src="https://cdn.jsdelivr.net/gh/extent-framework/extent-github-cdn@7cc78ce/spark/js/jsontree.js"></script>
<style type="text/css"></style></head><body class="spa bdd-report dark">
  <div class="app">
    <div class="layout">
<div class="header navbar">
<div class="vheader">
<div class="nav-logo">
<a href="#">
<div class="logo" style="background-image: url('https://cdn.jsdelivr.net/gh/extent-framework/extent-github-cdn@b00a2d0486596e73dd7326beacf352c639623a0e/commons/img/logo.png')"></div>
</a>
</div>
<ul class="nav-left">
<li class="search-box">
<a class="search-toggle" href="#">
<i class="search-icon fa fa-search"></i>
<i class="search-icon-close fa fa-close"></i>
</a>
</li>
<li class="search-input"><input id="search-tests" class="form-control" type="text" placeholder="Search..."></li>
</ul>
<ul class="nav-right">
<li class="m-r-10">
<a href="#"><span class="badge badge-primary">Smoke Test Report</span></a>
</li>
<li class="m-r-10">
<a href="#"><span class="badge badge-primary">May 11, 2023 10:51:51 AM</span></a>
</li>
</ul>
</div>
</div><div class="side-nav">
<div class="side-nav-inner">
<ul class="side-nav-menu">
<li class="nav-item dropdown" onclick="toggleView('dashboard-view')">
<a id="nav-dashboard" class="dropdown-toggle" href="#">
<span class="ico"><i class="fa fa-bar-chart"></i></span>
</a>
</li>
<li class="nav-item dropdown" onclick="toggleView('test-view')">
<a id="nav-test" class="dropdown-toggle" href="#">
<span class="ico"><i class="fa fa-list"></i></span>
</a>
</li>
<li class="nav-item dropdown" onclick="toggleView('category-view')">
<a id="nav-category" class="dropdown-toggle" href="#">
<span class="ico"><i class="fa fa-tag"></i></span>
</a>
</li>
<li class="nav-item dropdown" onclick="toggleView('exception-view')">
<a id="nav-exception" class="dropdown-toggle" href="#">
<span class="ico"><i class="fa fa-bug"></i></span>
</a>
</li>
</ul>
</div>
</div>      <div class="vcontainer">
        <div class="main-content">
<div class="container-fluid p-4 view dashboard-view">
<div class="row">
<div class="col-md-3">
<div class="card"><div class="card-body">
<p class="m-b-0">Started</p>
<h3>May 11, 2023 10:51:51 AM</h3>
</div></div>
</div>
<div class="col-md-3">
<div class="card"><div class="card-body">
<p class="m-b-0">Ended</p>
<h3>May 11, 2023 10:53:46 AM</h3>
</div></div>
</div>
<div class="col-md-3">
<div class="card"><div class="card-body">
<p class="m-b-0 text-pass">Features Passed</p>
<h3>10</h3>
</div></div>
</div>
<div class="col-md-3">
<div class="card"><div class="card-body">
<p class="m-b-0 text-fail">Features Failed</p>
<h3>4</h3>
</div></div>
</div>
</div>
<div class="row">
<div class="col-md-4">
<div class="card">
<div class="card-header">
<h6 class="card-title">Features</h6>
</div>
<div class="card-body">
<div class="">
<canvas id='parent-analysis' width='115' height='90'></canvas>
</div>
</div>
<div class="card-footer">
<div><small data-tooltip='71%'>
<b>10</b> features passed
</small>
</div>
<div>
<small data-tooltip='28%'><b>4</b> features failed,
<b>0</b> skipped, <b data-tooltip='0%'>0</b> others
</small>
</div>
</div>
</div>
</div>
<div class="col-md-4">
<div class="card">
<div class="card-header">
<h6 class="card-title">Scenarios</h6>
</div>
<div class="card-body">
<div class="">
<canvas id='child-analysis' width='115' height='90'></canvas>
</div>
</div>
<div class="card-footer">
<div><small data-tooltip='58%'><b>14</b> scenarios passed</small></div>
<div>
<small data-tooltip='41%'><b>10</b> scenarios failed,
<b>0</b> skipped, <b data-tooltip='%'>0</b> others
</small>
</div>
</div>
</div>
</div>
<div class="col-md-4">
<div class="card">
<div class="card-header">
<h6 class="card-title">Steps</h6>
</div>
<div class="card-body">
<div class="">
<canvas id='grandchild-analysis' width='115' height='90'></canvas>
</div>
</div>
<div class="card-footer">
<div><small data-tooltip='50%'><b>36</b> steps passed</small></div>
<div>
<small data-tooltip='27%'><b>20</b> steps failed,
<b>16</b> skipped, <b data-tooltip='%'>0</b> others
</small>
</div>
</div>
</div>
</div>
</div>
<div class="row"><div class="col-md-12">
<div class="card"><div class="card-header"><p>Timeline</p></div>
<div class="card-body pt-0"><div>
<canvas id="timeline" height="120"></canvas>
</div></div>
</div>
</div></div>
<script>
var timeline = {
"Contact_Controller":84.444,"Admin Dean ekleyebilmeli":2.915,"Get_Teacher":1.527,"Add_Student_info":2.32,"Vice_Dean_Controller_GetAll":1.559,"Dean_DataBase_Test":1.253,"jdbc_goksel_us01":0.76,"jdbc_goksel_us02":0.82,"Kullanıcılar sayfadan mesaj gönderebilmelidir.(Contact)":0.589,"DataBase":0.804,"Dean, db de mesajları, yazarlarını, e-maillerini, gönderilme tarihi ve":1.87,"jdbc_fatih_us15":1.079,"teacher_DataBase_Test":0.684,"Kullanıcı admin ekleyebilmelidir.(Contact)":0
};
</script>
<div class="row">
<div class="col-lg-6 col-md-12 category-container">
<div class="card">
<div class="card-header"><p>Tags</p></div>
<div class="card-body pb-0 pt-0"><table class="table table-sm table-bordered">
<thead><tr class="bg-gray"><th>Name</th><th>Passed</th><th>Failed</th><th>Skipped</th><th>Others</th><th>Passed %</th></tr></thead><tbody>
<tr>
<td>@DBteacher</td>
<td>0</td>
<td>1</td>
<td>0</td>
<td>0</td>
<td>0%</td>
</tr>
<tr>
<td>@gokselDatabase</td>
<td>2</td>
<td>0</td>
<td>0</td>
<td>0</td>
<td>100%</td>
</tr>
<tr>
<td>@ApiViceDeanController</td>
<td>1</td>
<td>0</td>
<td>0</td>
<td>0</td>
<td>100%</td>
</tr>
<tr>
<td>@DBTest_US04</td>
<td>1</td>
<td>0</td>
<td>0</td>
<td>0</td>
<td>100%</td>
</tr>
<tr>
<td>@team11Regression</td>
<td>14</td>
<td>5</td>
<td>0</td>
<td>0</td>
<td>73.684%</td>
</tr>
<tr>
<td>@teacher</td>
<td>0</td>
<td>4</td>
<td>0</td>
<td>0</td>
<td>0%</td>
</tr>
<tr>
<td>@ApiGetTeacher</td>
<td>1</td>
<td>0</td>
<td>0</td>
<td>0</td>
<td>100%</td>
</tr>
<tr>
<td>@admin</td>
<td>8</td>
<td>0</td>
<td>0</td>
<td>0</td>
<td>100%</td>
</tr>
<tr>
<td>@niluferDataBase</td>
<td>1</td>
<td>0</td>
<td>0</td>
<td>0</td>
<td>100%</td>
</tr>
<tr>
<td>@team11Smoke</td>
<td>7</td>
<td>0</td>
<td>0</td>
<td>0</td>
<td>100%</td>
</tr>
<tr>
<td>@smoke</td>
<td>0</td>
<td>1</td>
<td>0</td>
<td>0</td>
<td>0%</td>
</tr>
<tr>
<td>@Dean_ControllerPostGetAll</td>
<td>1</td>
<td>0</td>
<td>0</td>
<td>0</td>
<td>100%</td>
</tr>
<tr>
<td>@sunum</td>
<td>14</td>
<td>10</td>
<td>0</td>
<td>0</td>
<td>58.333%</td>
</tr>
</tbody>
</table></div>
</div>
</div>
<div class="col-lg-6 col-md-12 sysenv-container">
<div class="card">
<div class="card-header"><p>System/Environment</p></div>
<div class="card-body pb-0 pt-0"><table class="table table-sm table-bordered">
<thead><tr class="bg-gray"><th>Name</th><th>Value</th></tr></thead>
<tbody>
<tr>
<td>os</td>
<td>Windows</td>
</tr>
</tbody>
</table></div>
</div>
</div>
</div>
</div>
<script>
var statusGroup = {
parentCount: 5,
passParent: 10,
failParent: 4,
warningParent: 0,
skipParent: 0,
childCount: 5,
passChild: 14,
failChild: 10,
warningChild: 0,
skipChild: 0,
infoChild: 0,
grandChildCount: 5,
passGrandChild: 36,
failGrandChild: 20,
warningGrandChild: 0,
skipGrandChild: 16,
infoGrandChild: 0,
eventsCount: 5,
};
</script><div class="test-wrapper row view test-view">
  <div class="test-list">
    <div class="test-list-tools">
<ul class="tools pull-left">
<li><a href="#"><span class="font-size-14">Tests</span></a></li>
</ul>
<ul class="tools text-right">
<li class="dropdown">
<a href="#" class="dropdown-toggle" data-toggle="dropdown"><i class="fa fa-exclamation-circle"></i></a>
<ul id="status-toggle" class="dropdown-menu dropdown-md p-v-0">
<a class="dropdown-item" status="pass" href="#"><span>Pass</span><span class="status success"></span></a>
<a class="dropdown-item" status="fail" href="#"><span>Fail</span><span class="status danger"></span></a>
<div class="dropdown-divider"></div>
<a status="clear" class="dropdown-item" href="#"><span>Clear</span><span class="pull-right"><i class="fa fa-close"></i></span></a>
</ul>
</li>
<li class="dropdown">
<a href="#" class="dropdown-toggle" data-toggle="dropdown"><i class="fa fa-tag"></i></a>
<ul id="tag-toggle" class="dropdown-menu dropdown-md p-v-0">
<a class="dropdown-item" href="#">@DBteacher</a><a class="dropdown-item" href="#">@gokselDatabase</a><a class="dropdown-item" href="#">@ApiViceDeanController</a><a class="dropdown-item" href="#">@DBTest_US04</a><a class="dropdown-item" href="#">@team11Regression</a><a class="dropdown-item" href="#">@teacher</a><a class="dropdown-item" href="#">@ApiGetTeacher</a><a class="dropdown-item" href="#">@admin</a><a class="dropdown-item" href="#">@niluferDataBase</a><a class="dropdown-item" href="#">@team11Smoke</a><a class="dropdown-item" href="#">@smoke</a><a class="dropdown-item" href="#">@Dean_ControllerPostGetAll</a><a class="dropdown-item" href="#">@sunum</a>
</ul>
</li>
</ul>
</div>    <div class="test-list-wrapper scrollable">
      <ul class="test-list-item">
        <li class="test-item"  status="fail" test-id="1"
          author=""
          tag=""
          device="">
          <div class="test-detail">
            <p class="name">Contact_Controller</p>
            <p class="text-sm">
              <span>10:52:02 AM</span> / <span>00:01:24:444</span>
              <span class="badge fail-bg log float-right">Fail</span>
            </p>
          </div>
          <div class="test-contents d-none">
<div class="detail-head">
<div class="p-v-10">
<div class="info">
<h5 class="test-status text-fail">Contact_Controller</h5>
<span class='badge badge-success'>05.11.2023 10:52:02 AM</span>
<span class='badge badge-danger'>05.11.2023 10:53:26 AM</span>
<span class='badge badge-default'>00:01:24:444</span>
&middot; <span class='uri-anchor badge badge-default'>#test-id=1</span>
<span class='badge badge-default pointer float-right ml-1 et'><i class="fa fa-chevron-down"></i></span>
<span class='badge badge-default pointer float-right ct'><i class="fa fa-chevron-up"></i></span>
</div>
<div class="m-t-10 m-l-5"></div>
</div>
</div>
<div class="accordion mt-4">
  <div class="card">
    <div class="card-header" role="tab">
      <div class="card-title">
        <div class="node" id="2"><span class="badge log pass-bg mr-2">Pass</span>US03_TC01 Post Message Positive Testing</div>
      </div>
    </div>
        <div class="collapse">
          <div class="card-body">
              <div class="step pass-bg" title="stepdefinitions.Api_Test.contact_controller.ContactMessage.setTheUrlPostMessage()">
                <span>Given Set the Url post message</span>
      <div>
      </div>
              </div>
              <div class="step pass-bg" title="stepdefinitions.Api_Test.contact_controller.ContactMessage.setTheExpectedDataPostMessage()">
                <span>And Set the expected data post message</span>
      <div>
      </div>
              </div>
          </div>
        </div>
  </div>
  <div class="card">
    <div class="card-header" role="tab">
      <div class="card-title">
        <div class="node" id="6"><span class="badge log pass-bg mr-2">Pass</span>US07_TC01 Contact Message Get All</div>
      </div>
    </div>
        <div class="scenario_outline collapse">
            <div class="card-body l1">
              <div class="card-header">
                <div class="card-title outline-child">
                  <div class="node" id="7"><span class="badge log pass-bg mr-2">Pass</span>US07_TC01 Contact Message Get All</div>
                </div>
              </div>
              <div class="card-body mt-3 collapse">
                  <div class="step pass-bg">
                    <span>Given Set the Url contact_message_getAll</span>
      <div>
      </div>
                  </div>
                  <div class="step pass-bg">
                    <span>When Send the request and get the response contact_message_getAll</span>
      <div>
      </div>
                  </div>
                  <div class="step pass-bg">
                    <span>Then Do assertion body name="asdafds", email="sdfasdfasf@ksjs.com", subject="qweqwewqer", message="qewrqerwrewerwrwetwtwtertreyre", date="2023-05-07"</span>
      <div>
      </div>
                  </div>
              </div>
            </div>
        </div>
  </div>
  <div class="card">
    <div class="card-header" role="tab">
      <div class="card-title">
        <div class="node" id="12"><span class="badge log pass-bg mr-2">Pass</span>US07_TC02 Contact Message Get_searchByEmail</div>
      </div>
    </div>
        <div class="collapse">
          <div class="card-body">
              <div class="step pass-bg" title="stepdefinitions.Api_Test.contact_controller.ContactMessage.setTheUrlContact_message_get_searchByEmail()">
                <span>Given Set the Url contact_message_get_searchByEmail</span>
      <div>
      </div>
              </div>
              <div class="step pass-bg" title="stepdefinitions.Api_Test.contact_controller.ContactMessage.sendTheRequestAndGetTheResponseContact_message_get_searchByEmail()">
                <span>When Send the request and get the response contact_message_get_searchByEmail</span>
      <div>
      </div>
              </div>
              <div class="step pass-bg" title="stepdefinitions.Api_Test.contact_controller.ContactMessage.doAssertionContact_message_get_searchByEmail()">
                <span>Then Do assertion contact_message_get_searchByEmail</span>
      <div>
      </div>
              </div>
          </div>
        </div>
  </div>
  <div class="card">
    <div class="card-header" role="tab">
      <div class="card-title">
        <div class="node" id="17"><span class="badge log pass-bg mr-2">Pass</span>US07_TC03 Contact Message Get_searchBySubject</div>
      </div>
    </div>
        <div class="collapse">
          <div class="card-body">
              <div class="step pass-bg" title="stepdefinitions.Api_Test.contact_controller.ContactMessage.setTheUrlContact_message_get_searchBySubject()">
                <span>Given Set the Url contact_message_get_searchBySubject</span>
      <div>
      </div>
              </div>
              <div class="step pass-bg" title="stepdefinitions.Api_Test.contact_controller.ContactMessage.sendTheRequestAndGetTheResponseContact_message_get_searchBySubject()">
                <span>When Send the request and get the response contact_message_get_searchBySubject</span>
      <div>
      </div>
              </div>
              <div class="step pass-bg" title="stepdefinitions.Api_Test.contact_controller.ContactMessage.doAssertionContact_message_get_searchBySubject()">
                <span>Then Do assertion contact_message_get_searchBySubject</span>
      <div>
      </div>
              </div>
          </div>
        </div>
  </div>
  <div class="card">
    <div class="card-header" role="tab">
      <div class="card-title">
        <div class="node" id="22"><span class="badge log fail-bg mr-2">Fail</span>US22_TC01 Admin Controller Save Admin</div>
          <div class="status-avatar float-right mr-4">
            <i class="fa fa-paperclip"></i>
          </div>
      </div>
    </div>
        <div class="">
          <div class="card-body">
              <div class="step pass-bg" title="stepdefinitions.Api_Test.admin_controller.Admin_Controller_AddAdmin.setTheUrlAdmin_controller_postAdmin()">
                <span>Given Set the Url admin_controller_postAdmin</span>
      <div>
      </div>
              </div>
              <div class="step pass-bg" title="stepdefinitions.Api_Test.admin_controller.Admin_Controller_AddAdmin.setTheExpectedDataAdmin_controller_postAdmin()">
                <span>And Set the expected data admin_controller_postAdmin</span>
      <div>
      </div>
              </div>
              <div class="step pass-bg" title="stepdefinitions.Api_Test.admin_controller.Admin_Controller_AddAdmin.sendTheRequestAndGetTheResponseAdmin_controller_postAdmin()">
                <span>When Send the request and get the response admin_controller_postAdmin</span>
      <div>
      </div>
              </div>
              <div class="step fail-bg" title="stepdefinitions.Api_Test.admin_controller.Admin_Controller_AddAdmin.doAssertionAdmin_controller_postAdmin()">
                <span>Then Do assertion admin_controller_postAdmin</span>
      <div>
        <textarea disabled class="code-block">junit.framework.ComparisonFailure: expected:<1990-05-12> but was:<null>
	at junit.framework.Assert.assertEquals(Assert.java:100)
	at junit.framework.Assert.assertEquals(Assert.java:107)
	at junit.framework.TestCase.assertEquals(TestCase.java:260)
	at stepdefinitions.Api_Test.admin_controller.Admin_Controller_AddAdmin.doAssertionAdmin_controller_postAdmin(Admin_Controller_AddAdmin.java:110)
	at ✽.Do assertion admin_controller_postAdmin(file:///C:/Users/msait/IdeaProjects/team11/./src/test/resources/features/ApiFeatures/Contact_Controller.feature:36)
</textarea>
      
      </div>
              </div>
              <div class="step fail-bg" title="AFTER">
                <span>hooks.Hooks.tearDownScenarios(io.cucumber.java.Scenario)</span>
      <div>failed_scenario_US22_TC01 Admin Controller Save Admin
          <div class="row mb-3"><div class="col-md-3">
<img data-featherlight='../embedded1.png' src="../embedded1.png">
    
    </div></div>
</div>
      <div>
        <textarea disabled class="code-block">org.openqa.selenium.WebDriverException: Timed out waiting for driver server to stop.
Build info: version: '4.8.3', revision: 'e5e76298c3'
System info: os.name: 'Windows 11', os.arch: 'amd64', os.version: '10.0', java.version: '18.0.2'
Driver info: org.openqa.selenium.chrome.ChromeDriver
Command: [942d4cc0bddb1761aecd06e97ad58043, quit {}]
Capabilities {acceptInsecureCerts: false, browserName: chrome, browserVersion: 113.0.5672.93, chrome: {chromedriverVersion: 113.0.5672.63 (0e1a4471d5ae..., userDataDir: C:\Users\msait\AppData\Loca...}, goog:chromeOptions: {debuggerAddress: localhost:55889}, networkConnectionEnabled: false, pageLoadStrategy: normal, platformName: WINDOWS, proxy: Proxy(), se:cdp: ws://localhost:55889/devtoo..., se:cdpVersion: 113.0.5672.93, setWindowRect: true, strictFileInteractability: false, timeouts: {implicit: 0, pageLoad: 300000, script: 30000}, unhandledPromptBehavior: dismiss and notify, webauthn:extension:credBlob: true, webauthn:extension:largeBlob: true, webauthn:extension:minPinLength: true, webauthn:extension:prf: true, webauthn:virtualAuthenticators: true}
Session ID: 942d4cc0bddb1761aecd06e97ad58043
	at org.openqa.selenium.remote.service.DriverCommandExecutor.execute(DriverCommandExecutor.java:148)
	at org.openqa.selenium.remote.RemoteWebDriver.execute(RemoteWebDriver.java:543)
	at org.openqa.selenium.remote.RemoteWebDriver.execute(RemoteWebDriver.java:598)
	at org.openqa.selenium.remote.RemoteWebDriver.execute(RemoteWebDriver.java:602)
	at org.openqa.selenium.remote.RemoteWebDriver.quit(RemoteWebDriver.java:445)
	at org.openqa.selenium.chromium.ChromiumDriver.quit(ChromiumDriver.java:279)
	at utilities.Driver.closeDriver(Driver.java:63)
	at hooks.Hooks.tearDownScenarios(Hooks.java:50)
Caused by: java.util.concurrent.ExecutionException: org.openqa.selenium.TimeoutException: Process timed out after waiting for 20000 ms.
Build info: version: '4.8.3', revision: 'e5e76298c3'
System info: os.name: 'Windows 11', os.arch: 'amd64', os.version: '10.0', java.version: '18.0.2'
Driver info: driver.version: unknown
	at java.base/java.util.concurrent.CompletableFuture.reportGet(CompletableFuture.java:396)
	at java.base/java.util.concurrent.CompletableFuture.get(CompletableFuture.java:2096)
	at org.openqa.selenium.remote.service.DriverCommandExecutor.execute(DriverCommandExecutor.java:144)
	at org.openqa.selenium.remote.RemoteWebDriver.execute(RemoteWebDriver.java:543)
	at org.openqa.selenium.remote.RemoteWebDriver.execute(RemoteWebDriver.java:598)
	at org.openqa.selenium.remote.RemoteWebDriver.execute(RemoteWebDriver.java:602)
	at org.openqa.selenium.remote.RemoteWebDriver.quit(RemoteWebDriver.java:445)
	at org.openqa.selenium.chromium.ChromiumDriver.quit(ChromiumDriver.java:279)
	at utilities.Driver.closeDriver(Driver.java:63)
	at hooks.Hooks.tearDownScenarios(Hooks.java:50)
	at java.base/jdk.internal.reflect.DirectMethodHandleAccessor.invoke(DirectMethodHandleAccessor.java:104)
	at java.base/java.lang.reflect.Method.invoke(Method.java:577)
	at io.cucumber.java.Invoker.doInvoke(Invoker.java:66)
	at io.cucumber.java.Invoker.invoke(Invoker.java:24)
	at io.cucumber.java.AbstractGlueDefinition.invokeMethod(AbstractGlueDefinition.java:47)
	at io.cucumber.java.JavaHookDefinition.execute(JavaHookDefinition.java:64)
	at io.cucumber.core.runner.CoreHookDefinition.execute(CoreHookDefinition.java:46)
	at io.cucumber.core.runner.HookDefinitionMatch.runStep(HookDefinitionMatch.java:21)
	at io.cucumber.core.runner.ExecutionMode$1.execute(ExecutionMode.java:10)
	at io.cucumber.core.runner.TestStep.executeStep(TestStep.java:84)
	at io.cucumber.core.runner.TestStep.run(TestStep.java:56)
	at io.cucumber.core.runner.TestCase.run(TestCase.java:90)
	at io.cucumber.core.runner.Runner.runPickle(Runner.java:75)
	at io.cucumber.junit.PickleRunners$NoStepDescriptions.lambda$run$0(PickleRunners.java:151)
	at io.cucumber.core.runtime.CucumberExecutionContext.lambda$runTestCase$5(CucumberExecutionContext.java:130)
	at io.cucumber.core.runtime.RethrowingThrowableCollector.executeAndThrow(RethrowingThrowableCollector.java:23)
	at io.cucumber.core.runtime.CucumberExecutionContext.runTestCase(CucumberExecutionContext.java:130)
	at io.cucumber.junit.PickleRunners$NoStepDescriptions.run(PickleRunners.java:148)
	at io.cucumber.junit.FeatureRunner.runChild(FeatureRunner.java:144)
	at io.cucumber.junit.FeatureRunner.runChild(FeatureRunner.java:28)
	at org.junit.runners.ParentRunner$4.run(ParentRunner.java:331)
	at org.junit.runners.ParentRunner$1.schedule(ParentRunner.java:79)
	at org.junit.runners.ParentRunner.runChildren(ParentRunner.java:329)
	at org.junit.runners.ParentRunner.access$100(ParentRunner.java:66)
	at org.junit.runners.ParentRunner$2.evaluate(ParentRunner.java:293)
	at org.junit.runners.ParentRunner$3.evaluate(ParentRunner.java:306)
	at org.junit.runners.ParentRunner.run(ParentRunner.java:413)
	at io.cucumber.junit.FeatureRunner.run(FeatureRunner.java:137)
	at io.cucumber.junit.Cucumber.runChild(Cucumber.java:196)
	at io.cucumber.junit.Cucumber.runChild(Cucumber.java:89)
	at org.junit.runners.ParentRunner$4.run(ParentRunner.java:331)
	at org.junit.runners.ParentRunner$1.schedule(ParentRunner.java:79)
	at org.junit.runners.ParentRunner.runChildren(ParentRunner.java:329)
	at org.junit.runners.ParentRunner.access$100(ParentRunner.java:66)
	at org.junit.runners.ParentRunner$2.evaluate(ParentRunner.java:293)
	at io.cucumber.junit.Cucumber$RunBeforeAllHooks.evaluate(Cucumber.java:266)
	at io.cucumber.junit.Cucumber$RunAfterAllHooks.evaluate(Cucumber.java:281)
	at io.cucumber.junit.Cucumber$StartTestRun.evaluate(Cucumber.java:233)
	at io.cucumber.junit.Cucumber$FinishTestRun.evaluate(Cucumber.java:248)
	at org.junit.runners.ParentRunner$3.evaluate(ParentRunner.java:306)
	at org.junit.runners.ParentRunner.run(ParentRunner.java:413)
	at org.junit.runner.JUnitCore.run(JUnitCore.java:137)
	at com.intellij.junit4.JUnit4IdeaTestRunner.startRunnerWithArgs(JUnit4IdeaTestRunner.java:69)
	at com.intellij.rt.junit.IdeaTestRunner$Repeater$1.execute(IdeaTestRunner.java:38)
	at com.intellij.rt.execution.junit.TestsRepeater.repeat(TestsRepeater.java:11)
	at com.intellij.rt.junit.IdeaTestRunner$Repeater.startRunnerWithArgs(IdeaTestRunner.java:35)
	at com.intellij.rt.junit.JUnitStarter.prepareStreamsAndStart(JUnitStarter.java:235)
	at com.intellij.rt.junit.JUnitStarter.main(JUnitStarter.java:54)
Caused by: org.openqa.selenium.TimeoutException: Process timed out after waiting for 20000 ms.
Build info: version: '4.8.3', revision: 'e5e76298c3'
System info: os.name: 'Windows 11', os.arch: 'amd64', os.version: '10.0', java.version: '18.0.2'
Driver info: driver.version: unknown
	at org.openqa.selenium.os.OsProcess.waitFor(OsProcess.java:181)
	at org.openqa.selenium.os.CommandLine.waitFor(CommandLine.java:119)
	at org.openqa.selenium.remote.service.DriverCommandExecutor.lambda$execute$2(DriverCommandExecutor.java:138)
	at java.base/java.util.concurrent.CompletableFuture$AsyncSupply.run(CompletableFuture.java:1768)
	at java.base/java.util.concurrent.ThreadPoolExecutor.runWorker(ThreadPoolExecutor.java:1136)
	at java.base/java.util.concurrent.ThreadPoolExecutor$Worker.run(ThreadPoolExecutor.java:635)
	at java.base/java.lang.Thread.run(Thread.java:833)
</textarea>
      
      </div>
              </div>
          </div>
        </div>
  </div>
  <div class="card">
    <div class="card-header" role="tab">
      <div class="card-title">
        <div class="node" id="28"><span class="badge log pass-bg mr-2">Pass</span>US22_TC02 Admin Controller Get All</div>
      </div>
    </div>
        <div class="collapse">
          <div class="card-body">
              <div class="step pass-bg" title="stepdefinitions.Api_Test.admin_controller.Admin_Controller_AddAdmin.setTheUrlAdmin_controller_getAll()">
                <span>Given Set the Url admin_controller_getAll</span>
      <div>
      </div>
              </div>
              <div class="step pass-bg" title="stepdefinitions.Api_Test.admin_controller.Admin_Controller_AddAdmin.sendTheRequestAndGetTheResponseAdmin_controller_getAll()">
                <span>When Send the request and get the response admin_controller_getAll</span>
      <div>
      </div>
              </div>
              <div class="step pass-bg" title="stepdefinitions.Api_Test.admin_controller.Admin_Controller_AddAdmin.doAssertionAdmin_controller_getAll()">
                <span>Then Do assertion admin_controller_getAll</span>
      <div>
      </div>
              </div>
          </div>
        </div>
  </div>
</div>
          </div>
        </li>
        <li class="test-item"  status="pass" test-id="33"
          author=""
          tag=""
          device="">
          <div class="test-detail">
            <p class="name">Admin Dean ekleyebilmeli</p>
            <p class="text-sm">
              <span>10:53:27 AM</span> / <span>00:00:02:915</span>
              <span class="badge pass-bg log float-right">Pass</span>
            </p>
          </div>
          <div class="test-contents d-none">
<div class="detail-head">
<div class="p-v-10">
<div class="info">
<h5 class="test-status text-pass">Admin Dean ekleyebilmeli</h5>
<span class='badge badge-success'>05.11.2023 10:53:27 AM</span>
<span class='badge badge-danger'>05.11.2023 10:53:30 AM</span>
<span class='badge badge-default'>00:00:02:915</span>
&middot; <span class='uri-anchor badge badge-default'>#test-id=33</span>
<span class='badge badge-default pointer float-right ml-1 et'><i class="fa fa-chevron-down"></i></span>
<span class='badge badge-default pointer float-right ct'><i class="fa fa-chevron-up"></i></span>
</div>
<div class="m-t-10 m-l-5"></div>
</div>
</div>
<div class="accordion mt-4">
  <div class="card">
    <div class="card-header" role="tab">
      <div class="card-title">
        <div class="node" id="34"><span class="badge log pass-bg mr-2">Pass</span>US04_AC01_TC01 Oluşan Dean'i doğrula (Api)</div>
      </div>
    </div>
        <div class="scenario_outline collapse">
            <div class="card-body l1">
              <div class="card-header">
                <div class="card-title outline-child">
                  <div class="node" id="35"><span class="badge log pass-bg mr-2">Pass</span>US04_AC01_TC01 Oluşan Dean'i doğrula (Api)</div>
                </div>
              </div>
              <div class="card-body mt-3 collapse">
                  <div class="step pass-bg">
                    <span>Given Ali Get request ile tum Deanleri al</span>
      <div>
      </div>
                  </div>
                  <div class="step pass-bg">
                    <span>Then Ali bodyi dogrula: userId="48", username="hasan", name="veli", surname="tarik", birthDay="2000-01-01", ssn="405-48-6721", birthPlace="van", phoneNumber="130-545-2974", gender="MALE"</span>
      <div>
      </div>
                  </div>
              </div>
            </div>
        </div>
  </div>
</div>
          </div>
        </li>
        <li class="test-item"  status="pass" test-id="40"
          author=""
          tag=""
          device="">
          <div class="test-detail">
            <p class="name">Get_Teacher</p>
            <p class="text-sm">
              <span>10:53:30 AM</span> / <span>00:00:01:527</span>
              <span class="badge pass-bg log float-right">Pass</span>
            </p>
          </div>
          <div class="test-contents d-none">
<div class="detail-head">
<div class="p-v-10">
<div class="info">
<h5 class="test-status text-pass">Get_Teacher</h5>
<span class='badge badge-success'>05.11.2023 10:53:30 AM</span>
<span class='badge badge-danger'>05.11.2023 10:53:31 AM</span>
<span class='badge badge-default'>00:00:01:527</span>
&middot; <span class='uri-anchor badge badge-default'>#test-id=40</span>
<span class='badge badge-default pointer float-right ml-1 et'><i class="fa fa-chevron-down"></i></span>
<span class='badge badge-default pointer float-right ct'><i class="fa fa-chevron-up"></i></span>
</div>
<div class="m-t-10 m-l-5"></div>
</div>
</div>
<div class="accordion mt-4">
  <div class="card">
    <div class="card-header" role="tab">
      <div class="card-title">
        <div class="node" id="41"><span class="badge log pass-bg mr-2">Pass</span>TC01_Validate_Teacher</div>
      </div>
    </div>
        <div class="collapse">
          <div class="card-body">
              <div class="step pass-bg" title="stepdefinitions.Api_Test.teacher_controller.GetTeacherByIdStepDefss.send_get_request_to_get_teacher()">
                <span>Given send get request to get teacher</span>
      <div>
      </div>
              </div>
              <div class="step pass-bg" title="stepdefinitions.Api_Test.teacher_controller.GetTeacherByIdStepDefss.validate_body()">
                <span>Then validate body</span>
      <div>
      </div>
              </div>
          </div>
        </div>
  </div>
</div>
          </div>
        </li>
        <li class="test-item"  status="fail" test-id="46"
          author=""
          tag=""
          device="">
          <div class="test-detail">
            <p class="name">Add_Student_info</p>
            <p class="text-sm">
              <span>10:53:32 AM</span> / <span>00:00:02:320</span>
              <span class="badge fail-bg log float-right">Fail</span>
            </p>
          </div>
          <div class="test-contents d-none">
<div class="detail-head">
<div class="p-v-10">
<div class="info">
<h5 class="test-status text-fail">Add_Student_info</h5>
<span class='badge badge-success'>05.11.2023 10:53:32 AM</span>
<span class='badge badge-danger'>05.11.2023 10:53:34 AM</span>
<span class='badge badge-default'>00:00:02:320</span>
&middot; <span class='uri-anchor badge badge-default'>#test-id=46</span>
<span class='badge badge-default pointer float-right ml-1 et'><i class="fa fa-chevron-down"></i></span>
<span class='badge badge-default pointer float-right ct'><i class="fa fa-chevron-up"></i></span>
</div>
<div class="m-t-10 m-l-5"></div>
</div>
</div>
<div class="accordion mt-4">
  <div class="card">
    <div class="card-header" role="tab">
      <div class="card-title">
        <div class="node" id="47"><span class="badge log fail-bg mr-2">Fail</span>TC17_Add_Student_info_POST</div>
      </div>
    </div>
        <div class="">
          <div class="card-body">
              <div class="step fail-bg" title="BEFORE">
                <span>hooks.Hooks.beforeApiTeacher()</span>
      <div>
        <textarea disabled class="code-block">java.lang.IllegalArgumentException: Header value cannot be null
	at java.base/jdk.internal.reflect.DirectConstructorHandleAccessor.newInstance(DirectConstructorHandleAccessor.java:67)
	at java.base/java.lang.reflect.Constructor.newInstanceWithCaller(Constructor.java:499)
	at java.base/java.lang.reflect.Constructor.newInstance(Constructor.java:483)
	at org.codehaus.groovy.reflection.CachedConstructor.invoke(CachedConstructor.java:73)
	at org.codehaus.groovy.reflection.CachedConstructor.doConstructorInvoke(CachedConstructor.java:60)
	at org.codehaus.groovy.runtime.callsite.ConstructorSite$ConstructorSiteNoUnwrap.callConstructor(ConstructorSite.java:86)
	at org.codehaus.groovy.runtime.callsite.CallSiteArray.defaultCallConstructor(CallSiteArray.java:57)
	at org.codehaus.groovy.runtime.callsite.AbstractCallSite.callConstructor(AbstractCallSite.java:263)
	at org.codehaus.groovy.runtime.callsite.AbstractCallSite.callConstructor(AbstractCallSite.java:277)
	at io.restassured.internal.common.assertion.AssertParameter.notNull(AssertParameter.groovy:26)
	at io.restassured.internal.common.assertion.AssertParameter$notNull.callStatic(Unknown Source)
	at org.codehaus.groovy.runtime.callsite.CallSiteArray.defaultCallStatic(CallSiteArray.java:53)
	at io.restassured.internal.common.assertion.AssertParameter$notNull.callStatic(Unknown Source)
	at io.restassured.internal.RequestSpecificationImpl.header(RequestSpecificationImpl.groovy:869)
	at io.restassured.builder.RequestSpecBuilder.addHeader(RequestSpecBuilder.java:657)
	at base_urls.ManagementonSchoolsBaseUrl.schoolsetupTeacher(ManagementonSchoolsBaseUrl.java:25)
	at hooks.Hooks.beforeApiTeacher(Hooks.java:24)
</textarea>
      
      </div>
              </div>
              <div class="step skip-bg" title="stepdefinitions.Api_Test.student_info_controller.S01_Post.teacherSendsTheStudentInfoData()">
                <span>Given teacher sends the student info data_POST</span>
      <div>Step skipped
      </div>
              </div>
              <div class="step skip-bg" title="stepdefinitions.Api_Test.student_info_controller.S01_Post.teacherGetsTheStudentInfoDataAndAssert()">
                <span>Then teacher gets the student info data and assert_POST</span>
      <div>Step skipped
      </div>
              </div>
              <div class="step fail-bg" title="AFTER">
                <span>hooks.Hooks.tearDownScenarios(io.cucumber.java.Scenario)</span>
      <div>
        <textarea disabled class="code-block">org.openqa.selenium.NoSuchSessionException: Session ID is null. Using WebDriver after calling quit()?
Build info: version: '4.8.3', revision: 'e5e76298c3'
System info: os.name: 'Windows 11', os.arch: 'amd64', os.version: '10.0', java.version: '18.0.2'
Driver info: org.openqa.selenium.chrome.ChromeDriver
Command: [null, setTimeout {implicit=10000}]
Capabilities {acceptInsecureCerts: false, browserName: chrome, browserVersion: 113.0.5672.93, chrome: {chromedriverVersion: 113.0.5672.63 (0e1a4471d5ae..., userDataDir: C:\Users\msait\AppData\Loca...}, goog:chromeOptions: {debuggerAddress: localhost:55889}, networkConnectionEnabled: false, pageLoadStrategy: normal, platformName: WINDOWS, proxy: Proxy(), se:cdp: ws://localhost:55889/devtoo..., se:cdpVersion: 113.0.5672.93, setWindowRect: true, strictFileInteractability: false, timeouts: {implicit: 0, pageLoad: 300000, script: 30000}, unhandledPromptBehavior: dismiss and notify, webauthn:extension:credBlob: true, webauthn:extension:largeBlob: true, webauthn:extension:minPinLength: true, webauthn:extension:prf: true, webauthn:virtualAuthenticators: true}
	at org.openqa.selenium.remote.HttpCommandExecutor.execute(HttpCommandExecutor.java:154)
	at org.openqa.selenium.remote.service.DriverCommandExecutor.invokeExecute(DriverCommandExecutor.java:183)
	at org.openqa.selenium.remote.service.DriverCommandExecutor.execute(DriverCommandExecutor.java:158)
	at org.openqa.selenium.remote.RemoteWebDriver.execute(RemoteWebDriver.java:543)
	at org.openqa.selenium.remote.RemoteWebDriver$RemoteWebDriverOptions$RemoteTimeouts.implicitlyWait(RemoteWebDriver.java:853)
	at utilities.Driver.getDriver(Driver.java:56)
	at hooks.Hooks.tearDownScenarios(Hooks.java:48)
</textarea>
      
      </div>
              </div>
          </div>
        </div>
  </div>
  <div class="card">
    <div class="card-header" role="tab">
      <div class="card-title">
        <div class="node" id="52"><span class="badge log fail-bg mr-2">Fail</span>TC17_Add_Student_info_PUT</div>
      </div>
    </div>
        <div class="">
          <div class="card-body">
              <div class="step fail-bg" title="BEFORE">
                <span>hooks.Hooks.beforeApiTeacher()</span>
      <div>
        <textarea disabled class="code-block">java.lang.IllegalArgumentException: Header value cannot be null
	at java.base/jdk.internal.reflect.DirectConstructorHandleAccessor.newInstance(DirectConstructorHandleAccessor.java:67)
	at java.base/java.lang.reflect.Constructor.newInstanceWithCaller(Constructor.java:499)
	at java.base/java.lang.reflect.Constructor.newInstance(Constructor.java:483)
	at org.codehaus.groovy.reflection.CachedConstructor.invoke(CachedConstructor.java:73)
	at org.codehaus.groovy.reflection.CachedConstructor.doConstructorInvoke(CachedConstructor.java:60)
	at org.codehaus.groovy.runtime.callsite.ConstructorSite$ConstructorSiteNoUnwrap.callConstructor(ConstructorSite.java:86)
	at org.codehaus.groovy.runtime.callsite.AbstractCallSite.callConstructor(AbstractCallSite.java:277)
	at io.restassured.internal.common.assertion.AssertParameter.notNull(AssertParameter.groovy:26)
	at io.restassured.internal.common.assertion.AssertParameter$notNull.callStatic(Unknown Source)
	at org.codehaus.groovy.runtime.callsite.CallSiteArray.defaultCallStatic(CallSiteArray.java:53)
	at io.restassured.internal.common.assertion.AssertParameter$notNull.callStatic(Unknown Source)
	at io.restassured.internal.RequestSpecificationImpl.header(RequestSpecificationImpl.groovy:869)
	at io.restassured.builder.RequestSpecBuilder.addHeader(RequestSpecBuilder.java:657)
	at base_urls.ManagementonSchoolsBaseUrl.schoolsetupTeacher(ManagementonSchoolsBaseUrl.java:25)
	at hooks.Hooks.beforeApiTeacher(Hooks.java:24)
</textarea>
      
      </div>
              </div>
              <div class="step skip-bg" title="stepdefinitions.Api_Test.student_info_controller.S02_Put.teacherSendsTheStudentInfoData_PUT()">
                <span>Given teacher sends the student info data_PUT</span>
      <div>Step skipped
      </div>
              </div>
              <div class="step skip-bg" title="stepdefinitions.Api_Test.student_info_controller.S02_Put.teacherGetsTheStudentInfoDataAndAssert_PUT()">
                <span>Then teacher gets the student info data and assert_PUT</span>
      <div>Step skipped
      </div>
              </div>
              <div class="step fail-bg" title="AFTER">
                <span>hooks.Hooks.tearDownScenarios(io.cucumber.java.Scenario)</span>
      <div>
        <textarea disabled class="code-block">org.openqa.selenium.NoSuchSessionException: Session ID is null. Using WebDriver after calling quit()?
Build info: version: '4.8.3', revision: 'e5e76298c3'
System info: os.name: 'Windows 11', os.arch: 'amd64', os.version: '10.0', java.version: '18.0.2'
Driver info: org.openqa.selenium.chrome.ChromeDriver
Command: [null, setTimeout {implicit=10000}]
Capabilities {acceptInsecureCerts: false, browserName: chrome, browserVersion: 113.0.5672.93, chrome: {chromedriverVersion: 113.0.5672.63 (0e1a4471d5ae..., userDataDir: C:\Users\msait\AppData\Loca...}, goog:chromeOptions: {debuggerAddress: localhost:55889}, networkConnectionEnabled: false, pageLoadStrategy: normal, platformName: WINDOWS, proxy: Proxy(), se:cdp: ws://localhost:55889/devtoo..., se:cdpVersion: 113.0.5672.93, setWindowRect: true, strictFileInteractability: false, timeouts: {implicit: 0, pageLoad: 300000, script: 30000}, unhandledPromptBehavior: dismiss and notify, webauthn:extension:credBlob: true, webauthn:extension:largeBlob: true, webauthn:extension:minPinLength: true, webauthn:extension:prf: true, webauthn:virtualAuthenticators: true}
	at org.openqa.selenium.remote.HttpCommandExecutor.execute(HttpCommandExecutor.java:154)
	at org.openqa.selenium.remote.service.DriverCommandExecutor.invokeExecute(DriverCommandExecutor.java:183)
	at org.openqa.selenium.remote.service.DriverCommandExecutor.execute(DriverCommandExecutor.java:158)
	at org.openqa.selenium.remote.RemoteWebDriver.execute(RemoteWebDriver.java:543)
	at org.openqa.selenium.remote.RemoteWebDriver$RemoteWebDriverOptions$RemoteTimeouts.implicitlyWait(RemoteWebDriver.java:853)
	at utilities.Driver.getDriver(Driver.java:56)
	at hooks.Hooks.tearDownScenarios(Hooks.java:48)
</textarea>
      
      </div>
              </div>
          </div>
        </div>
  </div>
  <div class="card">
    <div class="card-header" role="tab">
      <div class="card-title">
        <div class="node" id="57"><span class="badge log fail-bg mr-2">Fail</span>TC17_Add_Student_info_DELETE</div>
      </div>
    </div>
        <div class="">
          <div class="card-body">
              <div class="step fail-bg" title="BEFORE">
                <span>hooks.Hooks.beforeApiTeacher()</span>
      <div>
        <textarea disabled class="code-block">java.lang.IllegalArgumentException: Header value cannot be null
	at java.base/jdk.internal.reflect.DirectConstructorHandleAccessor.newInstance(DirectConstructorHandleAccessor.java:67)
	at java.base/java.lang.reflect.Constructor.newInstanceWithCaller(Constructor.java:499)
	at java.base/java.lang.reflect.Constructor.newInstance(Constructor.java:483)
	at org.codehaus.groovy.reflection.CachedConstructor.invoke(CachedConstructor.java:73)
	at org.codehaus.groovy.reflection.CachedConstructor.doConstructorInvoke(CachedConstructor.java:60)
	at org.codehaus.groovy.runtime.callsite.ConstructorSite$ConstructorSiteNoUnwrap.callConstructor(ConstructorSite.java:86)
	at org.codehaus.groovy.runtime.callsite.AbstractCallSite.callConstructor(AbstractCallSite.java:277)
	at io.restassured.internal.common.assertion.AssertParameter.notNull(AssertParameter.groovy:26)
	at io.restassured.internal.common.assertion.AssertParameter$notNull.callStatic(Unknown Source)
	at org.codehaus.groovy.runtime.callsite.CallSiteArray.defaultCallStatic(CallSiteArray.java:53)
	at io.restassured.internal.common.assertion.AssertParameter$notNull.callStatic(Unknown Source)
	at io.restassured.internal.RequestSpecificationImpl.header(RequestSpecificationImpl.groovy:869)
	at io.restassured.builder.RequestSpecBuilder.addHeader(RequestSpecBuilder.java:657)
	at base_urls.ManagementonSchoolsBaseUrl.schoolsetupTeacher(ManagementonSchoolsBaseUrl.java:25)
	at hooks.Hooks.beforeApiTeacher(Hooks.java:24)
</textarea>
      
      </div>
              </div>
              <div class="step skip-bg" title="stepdefinitions.Api_Test.student_info_controller.S03_Delete.teacherSendsTheStudentInfoData_DELETE()">
                <span>Given teacher sends the student info data_DELETE</span>
      <div>Step skipped
      </div>
              </div>
              <div class="step skip-bg" title="stepdefinitions.Api_Test.student_info_controller.S03_Delete.teacherGetsTheStudentInfoDataAndAssert_DELETE()">
                <span>Then teacher gets the student info data and assert_DELETE</span>
      <div>Step skipped
      </div>
              </div>
              <div class="step fail-bg" title="AFTER">
                <span>hooks.Hooks.tearDownScenarios(io.cucumber.java.Scenario)</span>
      <div>
        <textarea disabled class="code-block">org.openqa.selenium.NoSuchSessionException: Session ID is null. Using WebDriver after calling quit()?
Build info: version: '4.8.3', revision: 'e5e76298c3'
System info: os.name: 'Windows 11', os.arch: 'amd64', os.version: '10.0', java.version: '18.0.2'
Driver info: org.openqa.selenium.chrome.ChromeDriver
Command: [null, setTimeout {implicit=10000}]
Capabilities {acceptInsecureCerts: false, browserName: chrome, browserVersion: 113.0.5672.93, chrome: {chromedriverVersion: 113.0.5672.63 (0e1a4471d5ae..., userDataDir: C:\Users\msait\AppData\Loca...}, goog:chromeOptions: {debuggerAddress: localhost:55889}, networkConnectionEnabled: false, pageLoadStrategy: normal, platformName: WINDOWS, proxy: Proxy(), se:cdp: ws://localhost:55889/devtoo..., se:cdpVersion: 113.0.5672.93, setWindowRect: true, strictFileInteractability: false, timeouts: {implicit: 0, pageLoad: 300000, script: 30000}, unhandledPromptBehavior: dismiss and notify, webauthn:extension:credBlob: true, webauthn:extension:largeBlob: true, webauthn:extension:minPinLength: true, webauthn:extension:prf: true, webauthn:virtualAuthenticators: true}
	at org.openqa.selenium.remote.HttpCommandExecutor.execute(HttpCommandExecutor.java:154)
	at org.openqa.selenium.remote.service.DriverCommandExecutor.invokeExecute(DriverCommandExecutor.java:183)
	at org.openqa.selenium.remote.service.DriverCommandExecutor.execute(DriverCommandExecutor.java:158)
	at org.openqa.selenium.remote.RemoteWebDriver.execute(RemoteWebDriver.java:543)
	at org.openqa.selenium.remote.RemoteWebDriver$RemoteWebDriverOptions$RemoteTimeouts.implicitlyWait(RemoteWebDriver.java:853)
	at utilities.Driver.getDriver(Driver.java:56)
	at hooks.Hooks.tearDownScenarios(Hooks.java:48)
</textarea>
      
      </div>
              </div>
          </div>
        </div>
  </div>
  <div class="card">
    <div class="card-header" role="tab">
      <div class="card-title">
        <div class="node" id="62"><span class="badge log fail-bg mr-2">Fail</span>TC17_Add_Student_info_GET</div>
      </div>
    </div>
        <div class="">
          <div class="card-body">
              <div class="step fail-bg" title="BEFORE">
                <span>hooks.Hooks.beforeApiTeacher()</span>
      <div>
        <textarea disabled class="code-block">java.lang.IllegalArgumentException: Header value cannot be null
	at java.base/jdk.internal.reflect.DirectConstructorHandleAccessor.newInstance(DirectConstructorHandleAccessor.java:67)
	at java.base/java.lang.reflect.Constructor.newInstanceWithCaller(Constructor.java:499)
	at java.base/java.lang.reflect.Constructor.newInstance(Constructor.java:483)
	at org.codehaus.groovy.reflection.CachedConstructor.invoke(CachedConstructor.java:73)
	at org.codehaus.groovy.reflection.CachedConstructor.doConstructorInvoke(CachedConstructor.java:60)
	at org.codehaus.groovy.runtime.callsite.ConstructorSite$ConstructorSiteNoUnwrap.callConstructor(ConstructorSite.java:86)
	at org.codehaus.groovy.runtime.callsite.AbstractCallSite.callConstructor(AbstractCallSite.java:277)
	at io.restassured.internal.common.assertion.AssertParameter.notNull(AssertParameter.groovy:26)
	at io.restassured.internal.common.assertion.AssertParameter$notNull.callStatic(Unknown Source)
	at org.codehaus.groovy.runtime.callsite.CallSiteArray.defaultCallStatic(CallSiteArray.java:53)
	at io.restassured.internal.common.assertion.AssertParameter$notNull.callStatic(Unknown Source)
	at io.restassured.internal.RequestSpecificationImpl.header(RequestSpecificationImpl.groovy:869)
	at io.restassured.builder.RequestSpecBuilder.addHeader(RequestSpecBuilder.java:657)
	at base_urls.ManagementonSchoolsBaseUrl.schoolsetupTeacher(ManagementonSchoolsBaseUrl.java:25)
	at hooks.Hooks.beforeApiTeacher(Hooks.java:24)
</textarea>
      
      </div>
              </div>
              <div class="step skip-bg" title="stepdefinitions.Api_Test.student_info_controller.S04_Get.teacherSendsTheStudentInfoData_GET()">
                <span>Given teacher sends the student info data_GET</span>
      <div>Step skipped
      </div>
              </div>
              <div class="step skip-bg" title="stepdefinitions.Api_Test.student_info_controller.S04_Get.teacherGetsTheStudentInfoDataAndAssert_GET()">
                <span>Then teacher gets the student info data and assert_GET</span>
      <div>Step skipped
      </div>
              </div>
              <div class="step fail-bg" title="AFTER">
                <span>hooks.Hooks.tearDownScenarios(io.cucumber.java.Scenario)</span>
      <div>
        <textarea disabled class="code-block">org.openqa.selenium.NoSuchSessionException: Session ID is null. Using WebDriver after calling quit()?
Build info: version: '4.8.3', revision: 'e5e76298c3'
System info: os.name: 'Windows 11', os.arch: 'amd64', os.version: '10.0', java.version: '18.0.2'
Driver info: org.openqa.selenium.chrome.ChromeDriver
Command: [null, setTimeout {implicit=10000}]
Capabilities {acceptInsecureCerts: false, browserName: chrome, browserVersion: 113.0.5672.93, chrome: {chromedriverVersion: 113.0.5672.63 (0e1a4471d5ae..., userDataDir: C:\Users\msait\AppData\Loca...}, goog:chromeOptions: {debuggerAddress: localhost:55889}, networkConnectionEnabled: false, pageLoadStrategy: normal, platformName: WINDOWS, proxy: Proxy(), se:cdp: ws://localhost:55889/devtoo..., se:cdpVersion: 113.0.5672.93, setWindowRect: true, strictFileInteractability: false, timeouts: {implicit: 0, pageLoad: 300000, script: 30000}, unhandledPromptBehavior: dismiss and notify, webauthn:extension:credBlob: true, webauthn:extension:largeBlob: true, webauthn:extension:minPinLength: true, webauthn:extension:prf: true, webauthn:virtualAuthenticators: true}
	at org.openqa.selenium.remote.HttpCommandExecutor.execute(HttpCommandExecutor.java:154)
	at org.openqa.selenium.remote.service.DriverCommandExecutor.invokeExecute(DriverCommandExecutor.java:183)
	at org.openqa.selenium.remote.service.DriverCommandExecutor.execute(DriverCommandExecutor.java:158)
	at org.openqa.selenium.remote.RemoteWebDriver.execute(RemoteWebDriver.java:543)
	at org.openqa.selenium.remote.RemoteWebDriver$RemoteWebDriverOptions$RemoteTimeouts.implicitlyWait(RemoteWebDriver.java:853)
	at utilities.Driver.getDriver(Driver.java:56)
	at hooks.Hooks.tearDownScenarios(Hooks.java:48)
</textarea>
      
      </div>
              </div>
          </div>
        </div>
  </div>
</div>
          </div>
        </li>
        <li class="test-item"  status="pass" test-id="67"
          author=""
          tag=""
          device="">
          <div class="test-detail">
            <p class="name">Vice_Dean_Controller_GetAll</p>
            <p class="text-sm">
              <span>10:53:34 AM</span> / <span>00:00:01:559</span>
              <span class="badge pass-bg log float-right">Pass</span>
            </p>
          </div>
          <div class="test-contents d-none">
<div class="detail-head">
<div class="p-v-10">
<div class="info">
<h5 class="test-status text-pass">Vice_Dean_Controller_GetAll</h5>
<span class='badge badge-success'>05.11.2023 10:53:34 AM</span>
<span class='badge badge-danger'>05.11.2023 10:53:36 AM</span>
<span class='badge badge-default'>00:00:01:559</span>
&middot; <span class='uri-anchor badge badge-default'>#test-id=67</span>
<span class='badge badge-default pointer float-right ml-1 et'><i class="fa fa-chevron-down"></i></span>
<span class='badge badge-default pointer float-right ct'><i class="fa fa-chevron-up"></i></span>
</div>
<div class="m-t-10 m-l-5"></div>
</div>
</div>
<div class="accordion mt-4">
  <div class="card">
    <div class="card-header" role="tab">
      <div class="card-title">
        <div class="node" id="68"><span class="badge log pass-bg mr-2">Pass</span>Vice_Dean_Controller_GetAll</div>
      </div>
    </div>
        <div class="scenario_outline collapse">
            <div class="card-body l1">
              <div class="card-header">
                <div class="card-title outline-child">
                  <div class="node" id="69"><span class="badge log pass-bg mr-2">Pass</span>Vice_Dean_Controller_GetAll</div>
                </div>
              </div>
              <div class="card-body mt-3 collapse">
                  <div class="step pass-bg">
                    <span>Given Nilufer Get request ile tum Vice Deanleri al</span>
      <div>
      </div>
                  </div>
                  <div class="step pass-bg">
                    <span>Then Nilufer bodyi dogrula: userId="360", username="yildizselcuk", name="Selcuk", surname="Yildiz", birthDay="1995-01-01", ssn="211-11-8904", birthPlace="Istanbul", phoneNumber="211-110-8904", gender="MALE"</span>
      <div>
      </div>
                  </div>
              </div>
            </div>
        </div>
  </div>
</div>
          </div>
        </li>
        <li class="test-item"  status="pass" test-id="74"
          author=""
          tag=""
          device="">
          <div class="test-detail">
            <p class="name">Dean_DataBase_Test</p>
            <p class="text-sm">
              <span>10:53:36 AM</span> / <span>00:00:01:253</span>
              <span class="badge pass-bg log float-right">Pass</span>
            </p>
          </div>
          <div class="test-contents d-none">
<div class="detail-head">
<div class="p-v-10">
<div class="info">
<h5 class="test-status text-pass">Dean_DataBase_Test</h5>
<span class='badge badge-success'>05.11.2023 10:53:36 AM</span>
<span class='badge badge-danger'>05.11.2023 10:53:37 AM</span>
<span class='badge badge-default'>00:00:01:253</span>
&middot; <span class='uri-anchor badge badge-default'>#test-id=74</span>
<span class='badge badge-default pointer float-right ml-1 et'><i class="fa fa-chevron-down"></i></span>
<span class='badge badge-default pointer float-right ct'><i class="fa fa-chevron-up"></i></span>
</div>
<div class="m-t-10 m-l-5"></div>
</div>
</div>
<div class="accordion mt-4">
  <div class="card">
    <div class="card-header" role="tab">
      <div class="card-title">
        <div class="node" id="75"><span class="badge log pass-bg mr-2">Pass</span>DB US04_AC01_TC01 Validate_Dean_DB</div>
      </div>
    </div>
        <div class="collapse">
          <div class="card-body">
              <div class="step pass-bg" title="stepdefinitions.DataBase_Test.Dean_Controller_DB_Select_Validate_US04.ali_find_dean_by_id()">
                <span>Given Ali Find dean by ID</span>
      <div>
      </div>
              </div>
              <div class="step pass-bg" title="stepdefinitions.DataBase_Test.Dean_Controller_DB_Select_Validate_US04.ali_validate_data()">
                <span>Then Ali Validate data</span>
      <div>
      </div>
              </div>
          </div>
        </div>
  </div>
</div>
          </div>
        </li>
        <li class="test-item"  status="pass" test-id="80"
          author=""
          tag=""
          device="">
          <div class="test-detail">
            <p class="name">jdbc_goksel_us01</p>
            <p class="text-sm">
              <span>10:53:37 AM</span> / <span>00:00:00:760</span>
              <span class="badge pass-bg log float-right">Pass</span>
            </p>
          </div>
          <div class="test-contents d-none">
<div class="detail-head">
<div class="p-v-10">
<div class="info">
<h5 class="test-status text-pass">jdbc_goksel_us01</h5>
<span class='badge badge-success'>05.11.2023 10:53:37 AM</span>
<span class='badge badge-danger'>05.11.2023 10:53:38 AM</span>
<span class='badge badge-default'>00:00:00:760</span>
&middot; <span class='uri-anchor badge badge-default'>#test-id=80</span>
<span class='badge badge-default pointer float-right ml-1 et'><i class="fa fa-chevron-down"></i></span>
<span class='badge badge-default pointer float-right ct'><i class="fa fa-chevron-up"></i></span>
</div>
<div class="m-t-10 m-l-5"></div>
</div>
</div>
<div class="accordion mt-4">
  <div class="card">
    <div class="card-header" role="tab">
      <div class="card-title">
        <div class="node" id="81"><span class="badge log pass-bg mr-2">Pass</span>jdbc_goksel_us01</div>
      </div>
    </div>
        <div class="collapse">
          <div class="card-body">
              <div class="step pass-bg" title="stepdefinitions.DataBase_Test.US01_TC01_Select_Validate.findAdmins_gokselByID()">
                <span>Given Find admins_goksel by ID</span>
      <div>
      </div>
              </div>
              <div class="step pass-bg" title="stepdefinitions.DataBase_Test.US01_TC01_Select_Validate.validateData_goksel()">
                <span>Then Validate data_goksel</span>
      <div>
      </div>
              </div>
          </div>
        </div>
  </div>
</div>
          </div>
        </li>
        <li class="test-item"  status="pass" test-id="86"
          author=""
          tag=""
          device="">
          <div class="test-detail">
            <p class="name">jdbc_goksel_us02</p>
            <p class="text-sm">
              <span>10:53:38 AM</span> / <span>00:00:00:820</span>
              <span class="badge pass-bg log float-right">Pass</span>
            </p>
          </div>
          <div class="test-contents d-none">
<div class="detail-head">
<div class="p-v-10">
<div class="info">
<h5 class="test-status text-pass">jdbc_goksel_us02</h5>
<span class='badge badge-success'>05.11.2023 10:53:38 AM</span>
<span class='badge badge-danger'>05.11.2023 10:53:39 AM</span>
<span class='badge badge-default'>00:00:00:820</span>
&middot; <span class='uri-anchor badge badge-default'>#test-id=86</span>
<span class='badge badge-default pointer float-right ml-1 et'><i class="fa fa-chevron-down"></i></span>
<span class='badge badge-default pointer float-right ct'><i class="fa fa-chevron-up"></i></span>
</div>
<div class="m-t-10 m-l-5"></div>
</div>
</div>
<div class="accordion mt-4">
  <div class="card">
    <div class="card-header" role="tab">
      <div class="card-title">
        <div class="node" id="87"><span class="badge log pass-bg mr-2">Pass</span>jdbc_goksel_us02</div>
      </div>
    </div>
        <div class="collapse">
          <div class="card-body">
              <div class="step pass-bg" title="stepdefinitions.DataBase_Test.US02_TC01_Select_Validate.findGuest_userByID()">
                <span>Given Find guest_user by ID</span>
      <div>
      </div>
              </div>
              <div class="step pass-bg" title="stepdefinitions.DataBase_Test.US02_TC01_Select_Validate.validateDataGuest_user()">
                <span>Then Validate data guest_user</span>
      <div>
      </div>
              </div>
          </div>
        </div>
  </div>
</div>
          </div>
        </li>
        <li class="test-item"  status="pass" test-id="92"
          author=""
          tag=""
          device="">
          <div class="test-detail">
            <p class="name">Kullanıcılar sayfadan mesaj gönderebilmelidir.(Contact)</p>
            <p class="text-sm">
              <span>10:53:39 AM</span> / <span>00:00:00:589</span>
              <span class="badge pass-bg log float-right">Pass</span>
            </p>
          </div>
          <div class="test-contents d-none">
<div class="detail-head">
<div class="p-v-10">
<div class="info">
<h5 class="test-status text-pass">Kullanıcılar sayfadan mesaj gönderebilmelidir.(Contact)</h5>
<span class='badge badge-success'>05.11.2023 10:53:39 AM</span>
<span class='badge badge-danger'>05.11.2023 10:53:40 AM</span>
<span class='badge badge-default'>00:00:00:589</span>
&middot; <span class='uri-anchor badge badge-default'>#test-id=92</span>
<span class='badge badge-default pointer float-right ml-1 et'><i class="fa fa-chevron-down"></i></span>
<span class='badge badge-default pointer float-right ct'><i class="fa fa-chevron-up"></i></span>
</div>
<div class="m-t-10 m-l-5"></div>
</div>
</div>
<div class="accordion mt-4">
  <div class="card">
    <div class="card-header" role="tab">
      <div class="card-title">
        <div class="node" id="93"><span class="badge log pass-bg mr-2">Pass</span>US03 Mesajı doğrula (DataBase)</div>
      </div>
    </div>
        <div class="scenario_outline collapse">
            <div class="card-body l1">
              <div class="card-header">
                <div class="card-title outline-child">
                  <div class="node" id="94"><span class="badge log pass-bg mr-2">Pass</span>US03 Mesajı doğrula (DataBase)</div>
                </div>
              </div>
              <div class="card-body mt-3 collapse">
                  <div class="step pass-bg">
                    <span>Given "abcx@gmail.com" ile mesaji al</span>
      <div>
      </div>
                  </div>
                  <div class="step pass-bg">
                    <span>Then resultSet ile veriyi dogrula: name="mehmetali", email="abcx@gmail.com", subject="materyal", message="materyal eksiklerinin tamamlanmasi", date="2023-05-07"</span>
      <div>
      </div>
                  </div>
              </div>
            </div>
        </div>
  </div>
</div>
          </div>
        </li>
        <li class="test-item"  status="pass" test-id="98"
          author=""
          tag=""
          device="">
          <div class="test-detail">
            <p class="name">DataBase</p>
            <p class="text-sm">
              <span>10:53:40 AM</span> / <span>00:00:00:804</span>
              <span class="badge pass-bg log float-right">Pass</span>
            </p>
          </div>
          <div class="test-contents d-none">
<div class="detail-head">
<div class="p-v-10">
<div class="info">
<h5 class="test-status text-pass">DataBase</h5>
<span class='badge badge-success'>05.11.2023 10:53:40 AM</span>
<span class='badge badge-danger'>05.11.2023 10:53:41 AM</span>
<span class='badge badge-default'>00:00:00:804</span>
&middot; <span class='uri-anchor badge badge-default'>#test-id=98</span>
<span class='badge badge-default pointer float-right ml-1 et'><i class="fa fa-chevron-down"></i></span>
<span class='badge badge-default pointer float-right ct'><i class="fa fa-chevron-up"></i></span>
</div>
<div class="m-t-10 m-l-5"></div>
</div>
</div>
<div class="accordion mt-4">
  <div class="card">
    <div class="card-header" role="tab">
      <div class="card-title">
        <div class="node" id="99"><span class="badge log pass-bg mr-2">Pass</span>DataBase</div>
      </div>
    </div>
        <div class="collapse">
          <div class="card-body">
              <div class="step pass-bg" title="stepdefinitions.DataBase_Test.US06_US23.niluferFindViceDeanByID()">
                <span>Given Nilufer find vice dean by ID</span>
      <div>
      </div>
              </div>
              <div class="step pass-bg" title="stepdefinitions.DataBase_Test.US06_US23.niluferValidateData()">
                <span>Then Nilufer validate data</span>
      <div>
      </div>
              </div>
          </div>
        </div>
  </div>
</div>
          </div>
        </li>
        <li class="test-item"  status="fail" test-id="104"
          author=""
          tag=""
          device="">
          <div class="test-detail">
            <p class="name">Dean, db de mesajları, yazarlarını, e-maillerini, gönderilme tarihi ve</p>
            <p class="text-sm">
              <span>10:53:41 AM</span> / <span>00:00:01:870</span>
              <span class="badge fail-bg log float-right">Fail</span>
            </p>
          </div>
          <div class="test-contents d-none">
<div class="detail-head">
<div class="p-v-10">
<div class="info">
<h5 class="test-status text-fail">Dean, db de mesajları, yazarlarını, e-maillerini, gönderilme tarihi ve</h5>
<span class='badge badge-success'>05.11.2023 10:53:41 AM</span>
<span class='badge badge-danger'>05.11.2023 10:53:43 AM</span>
<span class='badge badge-default'>00:00:01:870</span>
&middot; <span class='uri-anchor badge badge-default'>#test-id=104</span>
<span class='badge badge-default pointer float-right ml-1 et'><i class="fa fa-chevron-down"></i></span>
<span class='badge badge-default pointer float-right ct'><i class="fa fa-chevron-up"></i></span>
</div>
<div class="m-t-10 m-l-5"> subject bilgilerini görüntüleyebilmelidir</div>
</div>
</div>
<div class="accordion mt-4">
  <div class="card">
    <div class="card-header" role="tab">
      <div class="card-title">
        <div class="node" id="105"><span class="badge log fail-bg mr-2">Fail</span>TCO1 ogrenci mesajlari sorgulamasi ve dogrulamasi db</div>
      </div>
    </div>
        <div class="">
          <div class="card-body">
              <div class="step fail-bg" title="stepdefinitions.DataBase_Test.US07.databaseIcinContactSaglanir()">
                <span>Given Database icin contact saglanir</span>
      <div>
        <textarea disabled class="code-block">io.cucumber.core.exception.CucumberException: Failed to instantiate class stepdefinitions.DataBase_Test.US07
	at io.cucumber.core.backend.DefaultObjectFactory.cacheNewInstance(DefaultObjectFactory.java:67)
	at io.cucumber.core.backend.DefaultObjectFactory.getInstance(DefaultObjectFactory.java:45)
	at io.cucumber.java.AbstractGlueDefinition.invokeMethod(AbstractGlueDefinition.java:47)
	at io.cucumber.java.JavaStepDefinition.execute(JavaStepDefinition.java:29)
	at io.cucumber.core.runner.CoreStepDefinition.execute(CoreStepDefinition.java:66)
	at io.cucumber.core.runner.PickleStepDefinitionMatch.runStep(PickleStepDefinitionMatch.java:63)
	at io.cucumber.core.runner.ExecutionMode$1.execute(ExecutionMode.java:10)
	at io.cucumber.core.runner.TestStep.executeStep(TestStep.java:84)
	at io.cucumber.core.runner.TestStep.run(TestStep.java:56)
	at io.cucumber.core.runner.PickleStepTestStep.run(PickleStepTestStep.java:51)
	at io.cucumber.core.runner.TestCase.run(TestCase.java:84)
	at io.cucumber.core.runner.Runner.runPickle(Runner.java:75)
	at io.cucumber.junit.PickleRunners$NoStepDescriptions.lambda$run$0(PickleRunners.java:151)
	at io.cucumber.core.runtime.CucumberExecutionContext.lambda$runTestCase$5(CucumberExecutionContext.java:130)
	at io.cucumber.core.runtime.RethrowingThrowableCollector.executeAndThrow(RethrowingThrowableCollector.java:23)
	at io.cucumber.core.runtime.CucumberExecutionContext.runTestCase(CucumberExecutionContext.java:130)
	at io.cucumber.junit.PickleRunners$NoStepDescriptions.run(PickleRunners.java:148)
	at io.cucumber.junit.FeatureRunner.runChild(FeatureRunner.java:144)
	at io.cucumber.junit.FeatureRunner.runChild(FeatureRunner.java:28)
	at org.junit.runners.ParentRunner$4.run(ParentRunner.java:331)
	at org.junit.runners.ParentRunner$1.schedule(ParentRunner.java:79)
	at org.junit.runners.ParentRunner.runChildren(ParentRunner.java:329)
	at org.junit.runners.ParentRunner.access$100(ParentRunner.java:66)
	at org.junit.runners.ParentRunner$2.evaluate(ParentRunner.java:293)
	at org.junit.runners.ParentRunner$3.evaluate(ParentRunner.java:306)
	at org.junit.runners.ParentRunner.run(ParentRunner.java:413)
	at io.cucumber.junit.FeatureRunner.run(FeatureRunner.java:137)
	at io.cucumber.junit.Cucumber.runChild(Cucumber.java:196)
	at io.cucumber.junit.Cucumber.runChild(Cucumber.java:89)
	at org.junit.runners.ParentRunner$4.run(ParentRunner.java:331)
	at org.junit.runners.ParentRunner$1.schedule(ParentRunner.java:79)
	at org.junit.runners.ParentRunner.runChildren(ParentRunner.java:329)
	at org.junit.runners.ParentRunner.access$100(ParentRunner.java:66)
	at org.junit.runners.ParentRunner$2.evaluate(ParentRunner.java:293)
	at io.cucumber.junit.Cucumber$RunBeforeAllHooks.evaluate(Cucumber.java:266)
	at io.cucumber.junit.Cucumber$RunAfterAllHooks.evaluate(Cucumber.java:281)
	at io.cucumber.junit.Cucumber$StartTestRun.evaluate(Cucumber.java:233)
	at io.cucumber.junit.Cucumber$FinishTestRun.evaluate(Cucumber.java:248)
	at org.junit.runners.ParentRunner$3.evaluate(ParentRunner.java:306)
	at org.junit.runners.ParentRunner.run(ParentRunner.java:413)
	at org.junit.runner.JUnitCore.run(JUnitCore.java:137)
	at com.intellij.junit4.JUnit4IdeaTestRunner.startRunnerWithArgs(JUnit4IdeaTestRunner.java:69)
	at com.intellij.rt.junit.IdeaTestRunner$Repeater$1.execute(IdeaTestRunner.java:38)
	at com.intellij.rt.execution.junit.TestsRepeater.repeat(TestsRepeater.java:11)
	at com.intellij.rt.junit.IdeaTestRunner$Repeater.startRunnerWithArgs(IdeaTestRunner.java:35)
	at com.intellij.rt.junit.JUnitStarter.prepareStreamsAndStart(JUnitStarter.java:235)
	at com.intellij.rt.junit.JUnitStarter.main(JUnitStarter.java:54)
Caused by: java.lang.reflect.InvocationTargetException
	at java.base/jdk.internal.reflect.DirectConstructorHandleAccessor.newInstance(DirectConstructorHandleAccessor.java:79)
	at java.base/java.lang.reflect.Constructor.newInstanceWithCaller(Constructor.java:499)
	at java.base/java.lang.reflect.Constructor.newInstance(Constructor.java:483)
	at io.cucumber.core.backend.DefaultObjectFactory.cacheNewInstance(DefaultObjectFactory.java:53)
	... 46 more
Caused by: org.openqa.selenium.NoSuchSessionException: Session ID is null. Using WebDriver after calling quit()?
Build info: version: '4.8.3', revision: 'e5e76298c3'
System info: os.name: 'Windows 11', os.arch: 'amd64', os.version: '10.0', java.version: '18.0.2'
Driver info: org.openqa.selenium.chrome.ChromeDriver
Command: [null, setTimeout {implicit=10000}]
Capabilities {acceptInsecureCerts: false, browserName: chrome, browserVersion: 113.0.5672.93, chrome: {chromedriverVersion: 113.0.5672.63 (0e1a4471d5ae..., userDataDir: C:\Users\msait\AppData\Loca...}, goog:chromeOptions: {debuggerAddress: localhost:55889}, networkConnectionEnabled: false, pageLoadStrategy: normal, platformName: WINDOWS, proxy: Proxy(), se:cdp: ws://localhost:55889/devtoo..., se:cdpVersion: 113.0.5672.93, setWindowRect: true, strictFileInteractability: false, timeouts: {implicit: 0, pageLoad: 300000, script: 30000}, unhandledPromptBehavior: dismiss and notify, webauthn:extension:credBlob: true, webauthn:extension:largeBlob: true, webauthn:extension:minPinLength: true, webauthn:extension:prf: true, webauthn:virtualAuthenticators: true}
	at org.openqa.selenium.remote.HttpCommandExecutor.execute(HttpCommandExecutor.java:154)
	at org.openqa.selenium.remote.service.DriverCommandExecutor.invokeExecute(DriverCommandExecutor.java:183)
	at org.openqa.selenium.remote.service.DriverCommandExecutor.execute(DriverCommandExecutor.java:158)
	at org.openqa.selenium.remote.RemoteWebDriver.execute(RemoteWebDriver.java:543)
	at org.openqa.selenium.remote.RemoteWebDriver$RemoteWebDriverOptions$RemoteTimeouts.implicitlyWait(RemoteWebDriver.java:853)
	at utilities.Driver.getDriver(Driver.java:56)
	at pages.ContactPage.<init>(ContactPage.java:12)
	at stepdefinitions.DataBase_Test.US07.<init>(US07.java:17)
	at java.base/jdk.internal.reflect.DirectConstructorHandleAccessor.newInstance(DirectConstructorHandleAccessor.java:67)
	... 49 more
</textarea>
      
      </div>
              </div>
              <div class="step skip-bg" title="stepdefinitions.DataBase_Test.US07.databasedenOlusturulanMesajlarSorgulanir()">
                <span>When Databaseden olusturulan mesajlar sorgulanir</span>
      <div>Step skipped
      </div>
              </div>
              <div class="step skip-bg" title="stepdefinitions.DataBase_Test.US07.gonderilenMesajlarinGorulduguDogrulanir()">
                <span>Then Gonderilen mesajlarin goruldugu dogrulanir</span>
      <div>Step skipped
      </div>
              </div>
              <div class="step fail-bg" title="AFTER">
                <span>hooks.Hooks.tearDownScenarios(io.cucumber.java.Scenario)</span>
      <div>
        <textarea disabled class="code-block">org.openqa.selenium.NoSuchSessionException: Session ID is null. Using WebDriver after calling quit()?
Build info: version: '4.8.3', revision: 'e5e76298c3'
System info: os.name: 'Windows 11', os.arch: 'amd64', os.version: '10.0', java.version: '18.0.2'
Driver info: org.openqa.selenium.chrome.ChromeDriver
Command: [null, setTimeout {implicit=10000}]
Capabilities {acceptInsecureCerts: false, browserName: chrome, browserVersion: 113.0.5672.93, chrome: {chromedriverVersion: 113.0.5672.63 (0e1a4471d5ae..., userDataDir: C:\Users\msait\AppData\Loca...}, goog:chromeOptions: {debuggerAddress: localhost:55889}, networkConnectionEnabled: false, pageLoadStrategy: normal, platformName: WINDOWS, proxy: Proxy(), se:cdp: ws://localhost:55889/devtoo..., se:cdpVersion: 113.0.5672.93, setWindowRect: true, strictFileInteractability: false, timeouts: {implicit: 0, pageLoad: 300000, script: 30000}, unhandledPromptBehavior: dismiss and notify, webauthn:extension:credBlob: true, webauthn:extension:largeBlob: true, webauthn:extension:minPinLength: true, webauthn:extension:prf: true, webauthn:virtualAuthenticators: true}
	at org.openqa.selenium.remote.HttpCommandExecutor.execute(HttpCommandExecutor.java:154)
	at org.openqa.selenium.remote.service.DriverCommandExecutor.invokeExecute(DriverCommandExecutor.java:183)
	at org.openqa.selenium.remote.service.DriverCommandExecutor.execute(DriverCommandExecutor.java:158)
	at org.openqa.selenium.remote.RemoteWebDriver.execute(RemoteWebDriver.java:543)
	at org.openqa.selenium.remote.RemoteWebDriver$RemoteWebDriverOptions$RemoteTimeouts.implicitlyWait(RemoteWebDriver.java:853)
	at utilities.Driver.getDriver(Driver.java:56)
	at hooks.Hooks.tearDownScenarios(Hooks.java:48)
</textarea>
      
      </div>
              </div>
          </div>
        </div>
  </div>
  <div class="card">
    <div class="card-header" role="tab">
      <div class="card-title">
        <div class="node" id="110"><span class="badge log fail-bg mr-2">Fail</span>TCO2 mesaji gonderenlerin isimlerinin sorgulamasi ve dogrulamasi</div>
      </div>
    </div>
        <div class="">
          <div class="card-body">
              <div class="step fail-bg" title="stepdefinitions.DataBase_Test.US07.databaseIcinContactSaglanir()">
                <span>Given Database icin contact saglanir</span>
      <div>
        <textarea disabled class="code-block">io.cucumber.core.exception.CucumberException: Failed to instantiate class stepdefinitions.DataBase_Test.US07
	at io.cucumber.core.backend.DefaultObjectFactory.cacheNewInstance(DefaultObjectFactory.java:67)
	at io.cucumber.core.backend.DefaultObjectFactory.getInstance(DefaultObjectFactory.java:45)
	at io.cucumber.java.AbstractGlueDefinition.invokeMethod(AbstractGlueDefinition.java:47)
	at io.cucumber.java.JavaStepDefinition.execute(JavaStepDefinition.java:29)
	at io.cucumber.core.runner.CoreStepDefinition.execute(CoreStepDefinition.java:66)
	at io.cucumber.core.runner.PickleStepDefinitionMatch.runStep(PickleStepDefinitionMatch.java:63)
	at io.cucumber.core.runner.ExecutionMode$1.execute(ExecutionMode.java:10)
	at io.cucumber.core.runner.TestStep.executeStep(TestStep.java:84)
	at io.cucumber.core.runner.TestStep.run(TestStep.java:56)
	at io.cucumber.core.runner.PickleStepTestStep.run(PickleStepTestStep.java:51)
	at io.cucumber.core.runner.TestCase.run(TestCase.java:84)
	at io.cucumber.core.runner.Runner.runPickle(Runner.java:75)
	at io.cucumber.junit.PickleRunners$NoStepDescriptions.lambda$run$0(PickleRunners.java:151)
	at io.cucumber.core.runtime.CucumberExecutionContext.lambda$runTestCase$5(CucumberExecutionContext.java:130)
	at io.cucumber.core.runtime.RethrowingThrowableCollector.executeAndThrow(RethrowingThrowableCollector.java:23)
	at io.cucumber.core.runtime.CucumberExecutionContext.runTestCase(CucumberExecutionContext.java:130)
	at io.cucumber.junit.PickleRunners$NoStepDescriptions.run(PickleRunners.java:148)
	at io.cucumber.junit.FeatureRunner.runChild(FeatureRunner.java:144)
	at io.cucumber.junit.FeatureRunner.runChild(FeatureRunner.java:28)
	at org.junit.runners.ParentRunner$4.run(ParentRunner.java:331)
	at org.junit.runners.ParentRunner$1.schedule(ParentRunner.java:79)
	at org.junit.runners.ParentRunner.runChildren(ParentRunner.java:329)
	at org.junit.runners.ParentRunner.access$100(ParentRunner.java:66)
	at org.junit.runners.ParentRunner$2.evaluate(ParentRunner.java:293)
	at org.junit.runners.ParentRunner$3.evaluate(ParentRunner.java:306)
	at org.junit.runners.ParentRunner.run(ParentRunner.java:413)
	at io.cucumber.junit.FeatureRunner.run(FeatureRunner.java:137)
	at io.cucumber.junit.Cucumber.runChild(Cucumber.java:196)
	at io.cucumber.junit.Cucumber.runChild(Cucumber.java:89)
	at org.junit.runners.ParentRunner$4.run(ParentRunner.java:331)
	at org.junit.runners.ParentRunner$1.schedule(ParentRunner.java:79)
	at org.junit.runners.ParentRunner.runChildren(ParentRunner.java:329)
	at org.junit.runners.ParentRunner.access$100(ParentRunner.java:66)
	at org.junit.runners.ParentRunner$2.evaluate(ParentRunner.java:293)
	at io.cucumber.junit.Cucumber$RunBeforeAllHooks.evaluate(Cucumber.java:266)
	at io.cucumber.junit.Cucumber$RunAfterAllHooks.evaluate(Cucumber.java:281)
	at io.cucumber.junit.Cucumber$StartTestRun.evaluate(Cucumber.java:233)
	at io.cucumber.junit.Cucumber$FinishTestRun.evaluate(Cucumber.java:248)
	at org.junit.runners.ParentRunner$3.evaluate(ParentRunner.java:306)
	at org.junit.runners.ParentRunner.run(ParentRunner.java:413)
	at org.junit.runner.JUnitCore.run(JUnitCore.java:137)
	at com.intellij.junit4.JUnit4IdeaTestRunner.startRunnerWithArgs(JUnit4IdeaTestRunner.java:69)
	at com.intellij.rt.junit.IdeaTestRunner$Repeater$1.execute(IdeaTestRunner.java:38)
	at com.intellij.rt.execution.junit.TestsRepeater.repeat(TestsRepeater.java:11)
	at com.intellij.rt.junit.IdeaTestRunner$Repeater.startRunnerWithArgs(IdeaTestRunner.java:35)
	at com.intellij.rt.junit.JUnitStarter.prepareStreamsAndStart(JUnitStarter.java:235)
	at com.intellij.rt.junit.JUnitStarter.main(JUnitStarter.java:54)
Caused by: java.lang.reflect.InvocationTargetException
	at java.base/jdk.internal.reflect.DirectConstructorHandleAccessor.newInstance(DirectConstructorHandleAccessor.java:79)
	at java.base/java.lang.reflect.Constructor.newInstanceWithCaller(Constructor.java:499)
	at java.base/java.lang.reflect.Constructor.newInstance(Constructor.java:483)
	at io.cucumber.core.backend.DefaultObjectFactory.cacheNewInstance(DefaultObjectFactory.java:53)
	... 46 more
Caused by: org.openqa.selenium.NoSuchSessionException: Session ID is null. Using WebDriver after calling quit()?
Build info: version: '4.8.3', revision: 'e5e76298c3'
System info: os.name: 'Windows 11', os.arch: 'amd64', os.version: '10.0', java.version: '18.0.2'
Driver info: org.openqa.selenium.chrome.ChromeDriver
Command: [null, setTimeout {implicit=10000}]
Capabilities {acceptInsecureCerts: false, browserName: chrome, browserVersion: 113.0.5672.93, chrome: {chromedriverVersion: 113.0.5672.63 (0e1a4471d5ae..., userDataDir: C:\Users\msait\AppData\Loca...}, goog:chromeOptions: {debuggerAddress: localhost:55889}, networkConnectionEnabled: false, pageLoadStrategy: normal, platformName: WINDOWS, proxy: Proxy(), se:cdp: ws://localhost:55889/devtoo..., se:cdpVersion: 113.0.5672.93, setWindowRect: true, strictFileInteractability: false, timeouts: {implicit: 0, pageLoad: 300000, script: 30000}, unhandledPromptBehavior: dismiss and notify, webauthn:extension:credBlob: true, webauthn:extension:largeBlob: true, webauthn:extension:minPinLength: true, webauthn:extension:prf: true, webauthn:virtualAuthenticators: true}
	at org.openqa.selenium.remote.HttpCommandExecutor.execute(HttpCommandExecutor.java:154)
	at org.openqa.selenium.remote.service.DriverCommandExecutor.invokeExecute(DriverCommandExecutor.java:183)
	at org.openqa.selenium.remote.service.DriverCommandExecutor.execute(DriverCommandExecutor.java:158)
	at org.openqa.selenium.remote.RemoteWebDriver.execute(RemoteWebDriver.java:543)
	at org.openqa.selenium.remote.RemoteWebDriver$RemoteWebDriverOptions$RemoteTimeouts.implicitlyWait(RemoteWebDriver.java:853)
	at utilities.Driver.getDriver(Driver.java:56)
	at pages.ContactPage.<init>(ContactPage.java:12)
	at stepdefinitions.DataBase_Test.US07.<init>(US07.java:17)
	at java.base/jdk.internal.reflect.DirectConstructorHandleAccessor.newInstance(DirectConstructorHandleAccessor.java:67)
	... 49 more
</textarea>
      
      </div>
              </div>
              <div class="step skip-bg" title="stepdefinitions.DataBase_Test.US07.databasedenOlusturulanYazarlarSorgulanir()">
                <span>When Databaseden olusturulan yazarlar sorgulanir</span>
      <div>Step skipped
      </div>
              </div>
              <div class="step skip-bg" title="stepdefinitions.DataBase_Test.US07.gonderilen_mesajlarin_yazarlarinin_goruldugu_dogrulanir()">
                <span>Then Gonderilen mesajlarin yazarlarinin goruldugu dogrulanir</span>
      <div>Step skipped
      </div>
              </div>
              <div class="step fail-bg" title="AFTER">
                <span>hooks.Hooks.tearDownScenarios(io.cucumber.java.Scenario)</span>
      <div>
        <textarea disabled class="code-block">org.openqa.selenium.NoSuchSessionException: Session ID is null. Using WebDriver after calling quit()?
Build info: version: '4.8.3', revision: 'e5e76298c3'
System info: os.name: 'Windows 11', os.arch: 'amd64', os.version: '10.0', java.version: '18.0.2'
Driver info: org.openqa.selenium.chrome.ChromeDriver
Command: [null, setTimeout {implicit=10000}]
Capabilities {acceptInsecureCerts: false, browserName: chrome, browserVersion: 113.0.5672.93, chrome: {chromedriverVersion: 113.0.5672.63 (0e1a4471d5ae..., userDataDir: C:\Users\msait\AppData\Loca...}, goog:chromeOptions: {debuggerAddress: localhost:55889}, networkConnectionEnabled: false, pageLoadStrategy: normal, platformName: WINDOWS, proxy: Proxy(), se:cdp: ws://localhost:55889/devtoo..., se:cdpVersion: 113.0.5672.93, setWindowRect: true, strictFileInteractability: false, timeouts: {implicit: 0, pageLoad: 300000, script: 30000}, unhandledPromptBehavior: dismiss and notify, webauthn:extension:credBlob: true, webauthn:extension:largeBlob: true, webauthn:extension:minPinLength: true, webauthn:extension:prf: true, webauthn:virtualAuthenticators: true}
	at org.openqa.selenium.remote.HttpCommandExecutor.execute(HttpCommandExecutor.java:154)
	at org.openqa.selenium.remote.service.DriverCommandExecutor.invokeExecute(DriverCommandExecutor.java:183)
	at org.openqa.selenium.remote.service.DriverCommandExecutor.execute(DriverCommandExecutor.java:158)
	at org.openqa.selenium.remote.RemoteWebDriver.execute(RemoteWebDriver.java:543)
	at org.openqa.selenium.remote.RemoteWebDriver$RemoteWebDriverOptions$RemoteTimeouts.implicitlyWait(RemoteWebDriver.java:853)
	at utilities.Driver.getDriver(Driver.java:56)
	at hooks.Hooks.tearDownScenarios(Hooks.java:48)
</textarea>
      
      </div>
              </div>
          </div>
        </div>
  </div>
  <div class="card">
    <div class="card-header" role="tab">
      <div class="card-title">
        <div class="node" id="115"><span class="badge log fail-bg mr-2">Fail</span>TCO3 mesaajlari gonderenlerin emaillerinin sorgulaması ve dogrulamasi</div>
      </div>
    </div>
        <div class="">
          <div class="card-body">
              <div class="step fail-bg" title="stepdefinitions.DataBase_Test.US07.databaseIcinContactSaglanir()">
                <span>Given Database icin contact saglanir</span>
      <div>
        <textarea disabled class="code-block">io.cucumber.core.exception.CucumberException: Failed to instantiate class stepdefinitions.DataBase_Test.US07
	at io.cucumber.core.backend.DefaultObjectFactory.cacheNewInstance(DefaultObjectFactory.java:67)
	at io.cucumber.core.backend.DefaultObjectFactory.getInstance(DefaultObjectFactory.java:45)
	at io.cucumber.java.AbstractGlueDefinition.invokeMethod(AbstractGlueDefinition.java:47)
	at io.cucumber.java.JavaStepDefinition.execute(JavaStepDefinition.java:29)
	at io.cucumber.core.runner.CoreStepDefinition.execute(CoreStepDefinition.java:66)
	at io.cucumber.core.runner.PickleStepDefinitionMatch.runStep(PickleStepDefinitionMatch.java:63)
	at io.cucumber.core.runner.ExecutionMode$1.execute(ExecutionMode.java:10)
	at io.cucumber.core.runner.TestStep.executeStep(TestStep.java:84)
	at io.cucumber.core.runner.TestStep.run(TestStep.java:56)
	at io.cucumber.core.runner.PickleStepTestStep.run(PickleStepTestStep.java:51)
	at io.cucumber.core.runner.TestCase.run(TestCase.java:84)
	at io.cucumber.core.runner.Runner.runPickle(Runner.java:75)
	at io.cucumber.junit.PickleRunners$NoStepDescriptions.lambda$run$0(PickleRunners.java:151)
	at io.cucumber.core.runtime.CucumberExecutionContext.lambda$runTestCase$5(CucumberExecutionContext.java:130)
	at io.cucumber.core.runtime.RethrowingThrowableCollector.executeAndThrow(RethrowingThrowableCollector.java:23)
	at io.cucumber.core.runtime.CucumberExecutionContext.runTestCase(CucumberExecutionContext.java:130)
	at io.cucumber.junit.PickleRunners$NoStepDescriptions.run(PickleRunners.java:148)
	at io.cucumber.junit.FeatureRunner.runChild(FeatureRunner.java:144)
	at io.cucumber.junit.FeatureRunner.runChild(FeatureRunner.java:28)
	at org.junit.runners.ParentRunner$4.run(ParentRunner.java:331)
	at org.junit.runners.ParentRunner$1.schedule(ParentRunner.java:79)
	at org.junit.runners.ParentRunner.runChildren(ParentRunner.java:329)
	at org.junit.runners.ParentRunner.access$100(ParentRunner.java:66)
	at org.junit.runners.ParentRunner$2.evaluate(ParentRunner.java:293)
	at org.junit.runners.ParentRunner$3.evaluate(ParentRunner.java:306)
	at org.junit.runners.ParentRunner.run(ParentRunner.java:413)
	at io.cucumber.junit.FeatureRunner.run(FeatureRunner.java:137)
	at io.cucumber.junit.Cucumber.runChild(Cucumber.java:196)
	at io.cucumber.junit.Cucumber.runChild(Cucumber.java:89)
	at org.junit.runners.ParentRunner$4.run(ParentRunner.java:331)
	at org.junit.runners.ParentRunner$1.schedule(ParentRunner.java:79)
	at org.junit.runners.ParentRunner.runChildren(ParentRunner.java:329)
	at org.junit.runners.ParentRunner.access$100(ParentRunner.java:66)
	at org.junit.runners.ParentRunner$2.evaluate(ParentRunner.java:293)
	at io.cucumber.junit.Cucumber$RunBeforeAllHooks.evaluate(Cucumber.java:266)
	at io.cucumber.junit.Cucumber$RunAfterAllHooks.evaluate(Cucumber.java:281)
	at io.cucumber.junit.Cucumber$StartTestRun.evaluate(Cucumber.java:233)
	at io.cucumber.junit.Cucumber$FinishTestRun.evaluate(Cucumber.java:248)
	at org.junit.runners.ParentRunner$3.evaluate(ParentRunner.java:306)
	at org.junit.runners.ParentRunner.run(ParentRunner.java:413)
	at org.junit.runner.JUnitCore.run(JUnitCore.java:137)
	at com.intellij.junit4.JUnit4IdeaTestRunner.startRunnerWithArgs(JUnit4IdeaTestRunner.java:69)
	at com.intellij.rt.junit.IdeaTestRunner$Repeater$1.execute(IdeaTestRunner.java:38)
	at com.intellij.rt.execution.junit.TestsRepeater.repeat(TestsRepeater.java:11)
	at com.intellij.rt.junit.IdeaTestRunner$Repeater.startRunnerWithArgs(IdeaTestRunner.java:35)
	at com.intellij.rt.junit.JUnitStarter.prepareStreamsAndStart(JUnitStarter.java:235)
	at com.intellij.rt.junit.JUnitStarter.main(JUnitStarter.java:54)
Caused by: java.lang.reflect.InvocationTargetException
	at java.base/jdk.internal.reflect.DirectConstructorHandleAccessor.newInstance(DirectConstructorHandleAccessor.java:79)
	at java.base/java.lang.reflect.Constructor.newInstanceWithCaller(Constructor.java:499)
	at java.base/java.lang.reflect.Constructor.newInstance(Constructor.java:483)
	at io.cucumber.core.backend.DefaultObjectFactory.cacheNewInstance(DefaultObjectFactory.java:53)
	... 46 more
Caused by: org.openqa.selenium.NoSuchSessionException: Session ID is null. Using WebDriver after calling quit()?
Build info: version: '4.8.3', revision: 'e5e76298c3'
System info: os.name: 'Windows 11', os.arch: 'amd64', os.version: '10.0', java.version: '18.0.2'
Driver info: org.openqa.selenium.chrome.ChromeDriver
Command: [null, setTimeout {implicit=10000}]
Capabilities {acceptInsecureCerts: false, browserName: chrome, browserVersion: 113.0.5672.93, chrome: {chromedriverVersion: 113.0.5672.63 (0e1a4471d5ae..., userDataDir: C:\Users\msait\AppData\Loca...}, goog:chromeOptions: {debuggerAddress: localhost:55889}, networkConnectionEnabled: false, pageLoadStrategy: normal, platformName: WINDOWS, proxy: Proxy(), se:cdp: ws://localhost:55889/devtoo..., se:cdpVersion: 113.0.5672.93, setWindowRect: true, strictFileInteractability: false, timeouts: {implicit: 0, pageLoad: 300000, script: 30000}, unhandledPromptBehavior: dismiss and notify, webauthn:extension:credBlob: true, webauthn:extension:largeBlob: true, webauthn:extension:minPinLength: true, webauthn:extension:prf: true, webauthn:virtualAuthenticators: true}
	at org.openqa.selenium.remote.HttpCommandExecutor.execute(HttpCommandExecutor.java:154)
	at org.openqa.selenium.remote.service.DriverCommandExecutor.invokeExecute(DriverCommandExecutor.java:183)
	at org.openqa.selenium.remote.service.DriverCommandExecutor.execute(DriverCommandExecutor.java:158)
	at org.openqa.selenium.remote.RemoteWebDriver.execute(RemoteWebDriver.java:543)
	at org.openqa.selenium.remote.RemoteWebDriver$RemoteWebDriverOptions$RemoteTimeouts.implicitlyWait(RemoteWebDriver.java:853)
	at utilities.Driver.getDriver(Driver.java:56)
	at pages.ContactPage.<init>(ContactPage.java:12)
	at stepdefinitions.DataBase_Test.US07.<init>(US07.java:17)
	at java.base/jdk.internal.reflect.DirectConstructorHandleAccessor.newInstance(DirectConstructorHandleAccessor.java:67)
	... 49 more
</textarea>
      
      </div>
              </div>
              <div class="step skip-bg" title="stepdefinitions.DataBase_Test.US07.databasedenMesaajlariGonderenlerinEmailleriSorgulanir()">
                <span>When Databaseden mesaajlari gonderenlerin emailleri  sorgulanir</span>
      <div>Step skipped
      </div>
              </div>
              <div class="step skip-bg" title="stepdefinitions.DataBase_Test.US07.gonderilenMesaajlariGonderenlerinEmaillerininGorulduguDogrulanir()">
                <span>Then Gonderilen mesaajlari gonderenlerin emaillerinin goruldugu dogrulanir</span>
      <div>Step skipped
      </div>
              </div>
              <div class="step fail-bg" title="AFTER">
                <span>hooks.Hooks.tearDownScenarios(io.cucumber.java.Scenario)</span>
      <div>
        <textarea disabled class="code-block">org.openqa.selenium.NoSuchSessionException: Session ID is null. Using WebDriver after calling quit()?
Build info: version: '4.8.3', revision: 'e5e76298c3'
System info: os.name: 'Windows 11', os.arch: 'amd64', os.version: '10.0', java.version: '18.0.2'
Driver info: org.openqa.selenium.chrome.ChromeDriver
Command: [null, setTimeout {implicit=10000}]
Capabilities {acceptInsecureCerts: false, browserName: chrome, browserVersion: 113.0.5672.93, chrome: {chromedriverVersion: 113.0.5672.63 (0e1a4471d5ae..., userDataDir: C:\Users\msait\AppData\Loca...}, goog:chromeOptions: {debuggerAddress: localhost:55889}, networkConnectionEnabled: false, pageLoadStrategy: normal, platformName: WINDOWS, proxy: Proxy(), se:cdp: ws://localhost:55889/devtoo..., se:cdpVersion: 113.0.5672.93, setWindowRect: true, strictFileInteractability: false, timeouts: {implicit: 0, pageLoad: 300000, script: 30000}, unhandledPromptBehavior: dismiss and notify, webauthn:extension:credBlob: true, webauthn:extension:largeBlob: true, webauthn:extension:minPinLength: true, webauthn:extension:prf: true, webauthn:virtualAuthenticators: true}
	at org.openqa.selenium.remote.HttpCommandExecutor.execute(HttpCommandExecutor.java:154)
	at org.openqa.selenium.remote.service.DriverCommandExecutor.invokeExecute(DriverCommandExecutor.java:183)
	at org.openqa.selenium.remote.service.DriverCommandExecutor.execute(DriverCommandExecutor.java:158)
	at org.openqa.selenium.remote.RemoteWebDriver.execute(RemoteWebDriver.java:543)
	at org.openqa.selenium.remote.RemoteWebDriver$RemoteWebDriverOptions$RemoteTimeouts.implicitlyWait(RemoteWebDriver.java:853)
	at utilities.Driver.getDriver(Driver.java:56)
	at hooks.Hooks.tearDownScenarios(Hooks.java:48)
</textarea>
      
      </div>
              </div>
          </div>
        </div>
  </div>
  <div class="card">
    <div class="card-header" role="tab">
      <div class="card-title">
        <div class="node" id="120"><span class="badge log fail-bg mr-2">Fail</span>TC04 mesajların gonderilme tarihlerinin sorgulamasi ve dogrulamasi</div>
      </div>
    </div>
        <div class="">
          <div class="card-body">
              <div class="step fail-bg" title="stepdefinitions.DataBase_Test.US07.databaseIcinContactSaglanir()">
                <span>Given Database icin contact saglanir</span>
      <div>
        <textarea disabled class="code-block">io.cucumber.core.exception.CucumberException: Failed to instantiate class stepdefinitions.DataBase_Test.US07
	at io.cucumber.core.backend.DefaultObjectFactory.cacheNewInstance(DefaultObjectFactory.java:67)
	at io.cucumber.core.backend.DefaultObjectFactory.getInstance(DefaultObjectFactory.java:45)
	at io.cucumber.java.AbstractGlueDefinition.invokeMethod(AbstractGlueDefinition.java:47)
	at io.cucumber.java.JavaStepDefinition.execute(JavaStepDefinition.java:29)
	at io.cucumber.core.runner.CoreStepDefinition.execute(CoreStepDefinition.java:66)
	at io.cucumber.core.runner.PickleStepDefinitionMatch.runStep(PickleStepDefinitionMatch.java:63)
	at io.cucumber.core.runner.ExecutionMode$1.execute(ExecutionMode.java:10)
	at io.cucumber.core.runner.TestStep.executeStep(TestStep.java:84)
	at io.cucumber.core.runner.TestStep.run(TestStep.java:56)
	at io.cucumber.core.runner.PickleStepTestStep.run(PickleStepTestStep.java:51)
	at io.cucumber.core.runner.TestCase.run(TestCase.java:84)
	at io.cucumber.core.runner.Runner.runPickle(Runner.java:75)
	at io.cucumber.junit.PickleRunners$NoStepDescriptions.lambda$run$0(PickleRunners.java:151)
	at io.cucumber.core.runtime.CucumberExecutionContext.lambda$runTestCase$5(CucumberExecutionContext.java:130)
	at io.cucumber.core.runtime.RethrowingThrowableCollector.executeAndThrow(RethrowingThrowableCollector.java:23)
	at io.cucumber.core.runtime.CucumberExecutionContext.runTestCase(CucumberExecutionContext.java:130)
	at io.cucumber.junit.PickleRunners$NoStepDescriptions.run(PickleRunners.java:148)
	at io.cucumber.junit.FeatureRunner.runChild(FeatureRunner.java:144)
	at io.cucumber.junit.FeatureRunner.runChild(FeatureRunner.java:28)
	at org.junit.runners.ParentRunner$4.run(ParentRunner.java:331)
	at org.junit.runners.ParentRunner$1.schedule(ParentRunner.java:79)
	at org.junit.runners.ParentRunner.runChildren(ParentRunner.java:329)
	at org.junit.runners.ParentRunner.access$100(ParentRunner.java:66)
	at org.junit.runners.ParentRunner$2.evaluate(ParentRunner.java:293)
	at org.junit.runners.ParentRunner$3.evaluate(ParentRunner.java:306)
	at org.junit.runners.ParentRunner.run(ParentRunner.java:413)
	at io.cucumber.junit.FeatureRunner.run(FeatureRunner.java:137)
	at io.cucumber.junit.Cucumber.runChild(Cucumber.java:196)
	at io.cucumber.junit.Cucumber.runChild(Cucumber.java:89)
	at org.junit.runners.ParentRunner$4.run(ParentRunner.java:331)
	at org.junit.runners.ParentRunner$1.schedule(ParentRunner.java:79)
	at org.junit.runners.ParentRunner.runChildren(ParentRunner.java:329)
	at org.junit.runners.ParentRunner.access$100(ParentRunner.java:66)
	at org.junit.runners.ParentRunner$2.evaluate(ParentRunner.java:293)
	at io.cucumber.junit.Cucumber$RunBeforeAllHooks.evaluate(Cucumber.java:266)
	at io.cucumber.junit.Cucumber$RunAfterAllHooks.evaluate(Cucumber.java:281)
	at io.cucumber.junit.Cucumber$StartTestRun.evaluate(Cucumber.java:233)
	at io.cucumber.junit.Cucumber$FinishTestRun.evaluate(Cucumber.java:248)
	at org.junit.runners.ParentRunner$3.evaluate(ParentRunner.java:306)
	at org.junit.runners.ParentRunner.run(ParentRunner.java:413)
	at org.junit.runner.JUnitCore.run(JUnitCore.java:137)
	at com.intellij.junit4.JUnit4IdeaTestRunner.startRunnerWithArgs(JUnit4IdeaTestRunner.java:69)
	at com.intellij.rt.junit.IdeaTestRunner$Repeater$1.execute(IdeaTestRunner.java:38)
	at com.intellij.rt.execution.junit.TestsRepeater.repeat(TestsRepeater.java:11)
	at com.intellij.rt.junit.IdeaTestRunner$Repeater.startRunnerWithArgs(IdeaTestRunner.java:35)
	at com.intellij.rt.junit.JUnitStarter.prepareStreamsAndStart(JUnitStarter.java:235)
	at com.intellij.rt.junit.JUnitStarter.main(JUnitStarter.java:54)
Caused by: java.lang.reflect.InvocationTargetException
	at java.base/jdk.internal.reflect.DirectConstructorHandleAccessor.newInstance(DirectConstructorHandleAccessor.java:79)
	at java.base/java.lang.reflect.Constructor.newInstanceWithCaller(Constructor.java:499)
	at java.base/java.lang.reflect.Constructor.newInstance(Constructor.java:483)
	at io.cucumber.core.backend.DefaultObjectFactory.cacheNewInstance(DefaultObjectFactory.java:53)
	... 46 more
Caused by: org.openqa.selenium.NoSuchSessionException: Session ID is null. Using WebDriver after calling quit()?
Build info: version: '4.8.3', revision: 'e5e76298c3'
System info: os.name: 'Windows 11', os.arch: 'amd64', os.version: '10.0', java.version: '18.0.2'
Driver info: org.openqa.selenium.chrome.ChromeDriver
Command: [null, setTimeout {implicit=10000}]
Capabilities {acceptInsecureCerts: false, browserName: chrome, browserVersion: 113.0.5672.93, chrome: {chromedriverVersion: 113.0.5672.63 (0e1a4471d5ae..., userDataDir: C:\Users\msait\AppData\Loca...}, goog:chromeOptions: {debuggerAddress: localhost:55889}, networkConnectionEnabled: false, pageLoadStrategy: normal, platformName: WINDOWS, proxy: Proxy(), se:cdp: ws://localhost:55889/devtoo..., se:cdpVersion: 113.0.5672.93, setWindowRect: true, strictFileInteractability: false, timeouts: {implicit: 0, pageLoad: 300000, script: 30000}, unhandledPromptBehavior: dismiss and notify, webauthn:extension:credBlob: true, webauthn:extension:largeBlob: true, webauthn:extension:minPinLength: true, webauthn:extension:prf: true, webauthn:virtualAuthenticators: true}
	at org.openqa.selenium.remote.HttpCommandExecutor.execute(HttpCommandExecutor.java:154)
	at org.openqa.selenium.remote.service.DriverCommandExecutor.invokeExecute(DriverCommandExecutor.java:183)
	at org.openqa.selenium.remote.service.DriverCommandExecutor.execute(DriverCommandExecutor.java:158)
	at org.openqa.selenium.remote.RemoteWebDriver.execute(RemoteWebDriver.java:543)
	at org.openqa.selenium.remote.RemoteWebDriver$RemoteWebDriverOptions$RemoteTimeouts.implicitlyWait(RemoteWebDriver.java:853)
	at utilities.Driver.getDriver(Driver.java:56)
	at pages.ContactPage.<init>(ContactPage.java:12)
	at stepdefinitions.DataBase_Test.US07.<init>(US07.java:17)
	at java.base/jdk.internal.reflect.DirectConstructorHandleAccessor.newInstance(DirectConstructorHandleAccessor.java:67)
	... 49 more
</textarea>
      
      </div>
              </div>
              <div class="step skip-bg" title="stepdefinitions.DataBase_Test.US07.databasedenMesaajlarinGonderilmeTarihiSorgulanir()">
                <span>When Databaseden mesaajlarin gonderilme tarihi  sorgulanir</span>
      <div>Step skipped
      </div>
              </div>
              <div class="step skip-bg" title="stepdefinitions.DataBase_Test.US07.gonderilenMesaajlarinTarihininGorulduguDogrulanir()">
                <span>Then Gonderilen mesaajlarin tarihinin goruldugu dogrulanir</span>
      <div>Step skipped
      </div>
              </div>
              <div class="step fail-bg" title="AFTER">
                <span>hooks.Hooks.tearDownScenarios(io.cucumber.java.Scenario)</span>
      <div>
        <textarea disabled class="code-block">org.openqa.selenium.NoSuchSessionException: Session ID is null. Using WebDriver after calling quit()?
Build info: version: '4.8.3', revision: 'e5e76298c3'
System info: os.name: 'Windows 11', os.arch: 'amd64', os.version: '10.0', java.version: '18.0.2'
Driver info: org.openqa.selenium.chrome.ChromeDriver
Command: [null, setTimeout {implicit=10000}]
Capabilities {acceptInsecureCerts: false, browserName: chrome, browserVersion: 113.0.5672.93, chrome: {chromedriverVersion: 113.0.5672.63 (0e1a4471d5ae..., userDataDir: C:\Users\msait\AppData\Loca...}, goog:chromeOptions: {debuggerAddress: localhost:55889}, networkConnectionEnabled: false, pageLoadStrategy: normal, platformName: WINDOWS, proxy: Proxy(), se:cdp: ws://localhost:55889/devtoo..., se:cdpVersion: 113.0.5672.93, setWindowRect: true, strictFileInteractability: false, timeouts: {implicit: 0, pageLoad: 300000, script: 30000}, unhandledPromptBehavior: dismiss and notify, webauthn:extension:credBlob: true, webauthn:extension:largeBlob: true, webauthn:extension:minPinLength: true, webauthn:extension:prf: true, webauthn:virtualAuthenticators: true}
	at org.openqa.selenium.remote.HttpCommandExecutor.execute(HttpCommandExecutor.java:154)
	at org.openqa.selenium.remote.service.DriverCommandExecutor.invokeExecute(DriverCommandExecutor.java:183)
	at org.openqa.selenium.remote.service.DriverCommandExecutor.execute(DriverCommandExecutor.java:158)
	at org.openqa.selenium.remote.RemoteWebDriver.execute(RemoteWebDriver.java:543)
	at org.openqa.selenium.remote.RemoteWebDriver$RemoteWebDriverOptions$RemoteTimeouts.implicitlyWait(RemoteWebDriver.java:853)
	at utilities.Driver.getDriver(Driver.java:56)
	at hooks.Hooks.tearDownScenarios(Hooks.java:48)
</textarea>
      
      </div>
              </div>
          </div>
        </div>
  </div>
</div>
          </div>
        </li>
        <li class="test-item"  status="pass" test-id="125"
          author=""
          tag=""
          device="">
          <div class="test-detail">
            <p class="name">jdbc_fatih_us15</p>
            <p class="text-sm">
              <span>10:53:44 AM</span> / <span>00:00:01:079</span>
              <span class="badge pass-bg log float-right">Pass</span>
            </p>
          </div>
          <div class="test-contents d-none">
<div class="detail-head">
<div class="p-v-10">
<div class="info">
<h5 class="test-status text-pass">jdbc_fatih_us15</h5>
<span class='badge badge-success'>05.11.2023 10:53:44 AM</span>
<span class='badge badge-danger'>05.11.2023 10:53:45 AM</span>
<span class='badge badge-default'>00:00:01:079</span>
&middot; <span class='uri-anchor badge badge-default'>#test-id=125</span>
<span class='badge badge-default pointer float-right ml-1 et'><i class="fa fa-chevron-down"></i></span>
<span class='badge badge-default pointer float-right ct'><i class="fa fa-chevron-up"></i></span>
</div>
<div class="m-t-10 m-l-5"></div>
</div>
</div>
<div class="accordion mt-4">
  <div class="card">
    <div class="card-header" role="tab">
      <div class="card-title">
        <div class="node" id="126"><span class="badge log pass-bg mr-2">Pass</span>jdbc_fatih_us15</div>
      </div>
    </div>
        <div class="collapse">
          <div class="card-body">
              <div class="step pass-bg" title="stepdefinitions.DataBase_Test.US15_JDBC_Fatih.findStudentByID()">
                <span>Given Fatih Find student by ID</span>
      <div>
      </div>
              </div>
              <div class="step pass-bg" title="stepdefinitions.DataBase_Test.US15_JDBC_Fatih.validateDataStudent()">
                <span>Then Fatih Validate data student</span>
      <div>
      </div>
              </div>
          </div>
        </div>
  </div>
</div>
          </div>
        </li>
        <li class="test-item"  status="fail" test-id="131"
          author=""
          tag=""
          device="">
          <div class="test-detail">
            <p class="name">teacher_DataBase_Test</p>
            <p class="text-sm">
              <span>10:53:45 AM</span> / <span>00:00:00:684</span>
              <span class="badge fail-bg log float-right">Fail</span>
            </p>
          </div>
          <div class="test-contents d-none">
<div class="detail-head">
<div class="p-v-10">
<div class="info">
<h5 class="test-status text-fail">teacher_DataBase_Test</h5>
<span class='badge badge-success'>05.11.2023 10:53:45 AM</span>
<span class='badge badge-danger'>05.11.2023 10:53:46 AM</span>
<span class='badge badge-default'>00:00:00:684</span>
&middot; <span class='uri-anchor badge badge-default'>#test-id=131</span>
<span class='badge badge-default pointer float-right ml-1 et'><i class="fa fa-chevron-down"></i></span>
<span class='badge badge-default pointer float-right ct'><i class="fa fa-chevron-up"></i></span>
</div>
<div class="m-t-10 m-l-5"></div>
</div>
</div>
<div class="accordion mt-4">
  <div class="card">
    <div class="card-header" role="tab">
      <div class="card-title">
        <div class="node" id="132"><span class="badge log fail-bg mr-2">Fail</span>TC19_Validate_teacher_DB</div>
      </div>
    </div>
        <div class="">
          <div class="card-body">
              <div class="step pass-bg" title="stepdefinitions.DataBase_Test.US19_DB.emin_find_dean_by_ıd()">
                <span>Given emin Find teacher by ID</span>
      <div>
      </div>
              </div>
              <div class="step fail-bg" title="stepdefinitions.DataBase_Test.US19_DB.emin_validate_data()">
                <span>Then emin Validate data</span>
      <div>
        <textarea disabled class="code-block">org.junit.ComparisonFailure: expected:<kijAnkara[]> but was:<kijAnkara[Ankara]>
	at org.junit.Assert.assertEquals(Assert.java:117)
	at org.junit.Assert.assertEquals(Assert.java:146)
	at stepdefinitions.DataBase_Test.US19_DB.emin_validate_data(US19_DB.java:23)
	at ✽.emin Validate data(file:///C:/Users/msait/IdeaProjects/team11/./src/test/resources/features/DataBaseFeatures/US19_DBTeacher.feature:6)
</textarea>
      
      </div>
              </div>
              <div class="step fail-bg" title="AFTER">
                <span>hooks.Hooks.tearDownScenarios(io.cucumber.java.Scenario)</span>
      <div>
        <textarea disabled class="code-block">org.openqa.selenium.NoSuchSessionException: Session ID is null. Using WebDriver after calling quit()?
Build info: version: '4.8.3', revision: 'e5e76298c3'
System info: os.name: 'Windows 11', os.arch: 'amd64', os.version: '10.0', java.version: '18.0.2'
Driver info: org.openqa.selenium.chrome.ChromeDriver
Command: [null, setTimeout {implicit=10000}]
Capabilities {acceptInsecureCerts: false, browserName: chrome, browserVersion: 113.0.5672.93, chrome: {chromedriverVersion: 113.0.5672.63 (0e1a4471d5ae..., userDataDir: C:\Users\msait\AppData\Loca...}, goog:chromeOptions: {debuggerAddress: localhost:55889}, networkConnectionEnabled: false, pageLoadStrategy: normal, platformName: WINDOWS, proxy: Proxy(), se:cdp: ws://localhost:55889/devtoo..., se:cdpVersion: 113.0.5672.93, setWindowRect: true, strictFileInteractability: false, timeouts: {implicit: 0, pageLoad: 300000, script: 30000}, unhandledPromptBehavior: dismiss and notify, webauthn:extension:credBlob: true, webauthn:extension:largeBlob: true, webauthn:extension:minPinLength: true, webauthn:extension:prf: true, webauthn:virtualAuthenticators: true}
	at org.openqa.selenium.remote.HttpCommandExecutor.execute(HttpCommandExecutor.java:154)
	at org.openqa.selenium.remote.service.DriverCommandExecutor.invokeExecute(DriverCommandExecutor.java:183)
	at org.openqa.selenium.remote.service.DriverCommandExecutor.execute(DriverCommandExecutor.java:158)
	at org.openqa.selenium.remote.RemoteWebDriver.execute(RemoteWebDriver.java:543)
	at org.openqa.selenium.remote.RemoteWebDriver$RemoteWebDriverOptions$RemoteTimeouts.implicitlyWait(RemoteWebDriver.java:853)
	at utilities.Driver.getDriver(Driver.java:56)
	at hooks.Hooks.tearDownScenarios(Hooks.java:48)
</textarea>
      
      </div>
              </div>
          </div>
        </div>
  </div>
</div>
          </div>
        </li>
        <li class="test-item"  status="pass" test-id="136"
          author=""
          tag=""
          device="">
          <div class="test-detail">
            <p class="name">Kullanıcı admin ekleyebilmelidir.(Contact)</p>
            <p class="text-sm">
              <span>10:53:46 AM</span> / <span>00:00:00:000</span>
              <span class="badge pass-bg log float-right">Pass</span>
            </p>
          </div>
          <div class="test-contents d-none">
<div class="detail-head">
<div class="p-v-10">
<div class="info">
<h5 class="test-status text-pass">Kullanıcı admin ekleyebilmelidir.(Contact)</h5>
<span class='badge badge-success'>05.11.2023 10:53:46 AM</span>
<span class='badge badge-danger'>05.11.2023 10:53:46 AM</span>
<span class='badge badge-default'>00:00:00:000</span>
&middot; <span class='uri-anchor badge badge-default'>#test-id=136</span>
<span class='badge badge-default pointer float-right ml-1 et'><i class="fa fa-chevron-down"></i></span>
<span class='badge badge-default pointer float-right ct'><i class="fa fa-chevron-up"></i></span>
</div>
<div class="m-t-10 m-l-5"></div>
</div>
</div>
          </div>
        </li>
      </ul>
    </div>
  </div>
<div class="test-content scrollable">
<div class="test-content-tools">
<ul><li><a class="back-to-test" href="#"><i class="fa fa-arrow-left"></i></a></li></ul>
</div>
<div class="test-content-detail"><div class="detail-body"></div></div>
</div></div>
<div class="test-wrapper row view category-view attributes-view">
<div class="test-list">
<div class="test-list-tools">
<ul class="tools pull-left"><li><a href=""><span class="font-size-14">Category</span></a></li></ul>
<ul class="tools text-right"><li><a href="#"><span class="badge badge-primary">13</span></a></li></ul>
</div>
<div class="test-list-wrapper scrollable">
<ul class="test-list-item">
<li class="test-item">
<div class="test-detail">
<span class="meta">
<span class='badge log badge-danger'>1</span>
</span>
<p class="name">@DBteacher</p>
<p class="duration text-sm">1 tests</p>
</div>
<div class="test-contents d-none">
<div class="info">
<h4>@DBteacher</h4>
<span status="fail" class='badge log badge-danger'>1 failed</span>
</div>
<table class='table table-sm mt-4'>
<thead>
<tr>
<th class="status-col">Status</th>
<th class="timestamp-col">Timestamp</th>
<th>TestName</th>
</tr>
</thead>
<tbody>
<tr class="tag-test-status" status="fail">
<td><span class="badge log fail-bg">Fail</span></td>
<td>10:53:45 AM</td>
<td>
<a href="#" class="linked" test-id='131' id='132'>TC19_Validate_teacher_DB</a>
<div class="">
<span class="badge badge-default">teacher_DataBase_Test.TC19_Validate_teacher_DB</span>
</div>
</td>
</tr>
</tbody>
</table>
</div>
</li>
<li class="test-item">
<div class="test-detail">
<span class="meta">
<span class='badge log pass-bg'>2</span>
</span>
<p class="name">@gokselDatabase</p>
<p class="duration text-sm">2 tests</p>
</div>
<div class="test-contents d-none">
<div class="info">
<h4>@gokselDatabase</h4>
<span status="pass" class='badge log pass-bg'>2 passed</span>
</div>
<table class='table table-sm mt-4'>
<thead>
<tr>
<th class="status-col">Status</th>
<th class="timestamp-col">Timestamp</th>
<th>TestName</th>
</tr>
</thead>
<tbody>
<tr class="tag-test-status" status="pass">
<td><span class="badge log pass-bg">Pass</span></td>
<td>10:53:37 AM</td>
<td>
<a href="#" class="linked" test-id='80' id='81'>jdbc_goksel_us01</a>
<div class="">
<span class="badge badge-default">jdbc_goksel_us01.jdbc_goksel_us01</span>
</div>
</td>
</tr>
<tr class="tag-test-status" status="pass">
<td><span class="badge log pass-bg">Pass</span></td>
<td>10:53:38 AM</td>
<td>
<a href="#" class="linked" test-id='86' id='87'>jdbc_goksel_us02</a>
<div class="">
<span class="badge badge-default">jdbc_goksel_us02.jdbc_goksel_us02</span>
</div>
</td>
</tr>
</tbody>
</table>
</div>
</li>
<li class="test-item">
<div class="test-detail">
<span class="meta">
<span class='badge log pass-bg'>1</span>
</span>
<p class="name">@ApiViceDeanController</p>
<p class="duration text-sm">1 tests</p>
</div>
<div class="test-contents d-none">
<div class="info">
<h4>@ApiViceDeanController</h4>
<span status="pass" class='badge log pass-bg'>1 passed</span>
</div>
<table class='table table-sm mt-4'>
<thead>
<tr>
<th class="status-col">Status</th>
<th class="timestamp-col">Timestamp</th>
<th>TestName</th>
</tr>
</thead>
<tbody>
<tr class="tag-test-status" status="pass">
<td><span class="badge log pass-bg">Pass</span></td>
<td>10:53:34 AM</td>
<td>
<a href="#" class="linked" test-id='67' id='69'>Vice_Dean_Controller_GetAll</a>
<div class="">
<span class="badge badge-default">Vice_Dean_Controller_GetAll.Vice_Dean_Controller_GetAll</span>
</div>
</td>
</tr>
</tbody>
</table>
</div>
</li>
<li class="test-item">
<div class="test-detail">
<span class="meta">
<span class='badge log pass-bg'>1</span>
</span>
<p class="name">@DBTest_US04</p>
<p class="duration text-sm">1 tests</p>
</div>
<div class="test-contents d-none">
<div class="info">
<h4>@DBTest_US04</h4>
<span status="pass" class='badge log pass-bg'>1 passed</span>
</div>
<table class='table table-sm mt-4'>
<thead>
<tr>
<th class="status-col">Status</th>
<th class="timestamp-col">Timestamp</th>
<th>TestName</th>
</tr>
</thead>
<tbody>
<tr class="tag-test-status" status="pass">
<td><span class="badge log pass-bg">Pass</span></td>
<td>10:53:36 AM</td>
<td>
<a href="#" class="linked" test-id='74' id='75'>DB US04_AC01_TC01 Validate_Dean_DB</a>
<div class="">
<span class="badge badge-default">Dean_DataBase_Test.DB US04_AC01_TC01 Validate_Dean_DB</span>
</div>
</td>
</tr>
</tbody>
</table>
</div>
</li>
<li class="test-item">
<div class="test-detail">
<span class="meta">
<span class='badge log pass-bg'>14</span>
<span class='badge log badge-danger'>5</span>
</span>
<p class="name">@team11Regression</p>
<p class="duration text-sm">19 tests</p>
</div>
<div class="test-contents d-none">
<div class="info">
<h4>@team11Regression</h4>
<span status="pass" class='badge log pass-bg'>14 passed</span>
<span status="fail" class='badge log badge-danger'>5 failed</span>
</div>
<table class='table table-sm mt-4'>
<thead>
<tr>
<th class="status-col">Status</th>
<th class="timestamp-col">Timestamp</th>
<th>TestName</th>
</tr>
</thead>
<tbody>
<tr class="tag-test-status" status="pass">
<td><span class="badge log pass-bg">Pass</span></td>
<td>10:52:02 AM</td>
<td>
<a href="#" class="linked" test-id='1' id='2'>US03_TC01 Post Message Positive Testing</a>
<div class="">
<span class="badge badge-default">Contact_Controller.US03_TC01 Post Message Positive Testing</span>
</div>
</td>
</tr>
<tr class="tag-test-status" status="pass">
<td><span class="badge log pass-bg">Pass</span></td>
<td>10:52:17 AM</td>
<td>
<a href="#" class="linked" test-id='1' id='7'>US07_TC01 Contact Message Get All</a>
<div class="">
<span class="badge badge-default">Contact_Controller.US07_TC01 Contact Message Get All</span>
</div>
</td>
</tr>
<tr class="tag-test-status" status="pass">
<td><span class="badge log pass-bg">Pass</span></td>
<td>10:52:24 AM</td>
<td>
<a href="#" class="linked" test-id='1' id='12'>US07_TC02 Contact Message Get_searchByEmail</a>
<div class="">
<span class="badge badge-default">Contact_Controller.US07_TC02 Contact Message Get_searchByEmail</span>
</div>
</td>
</tr>
<tr class="tag-test-status" status="pass">
<td><span class="badge log pass-bg">Pass</span></td>
<td>10:52:25 AM</td>
<td>
<a href="#" class="linked" test-id='1' id='17'>US07_TC03 Contact Message Get_searchBySubject</a>
<div class="">
<span class="badge badge-default">Contact_Controller.US07_TC03 Contact Message Get_searchBySubject</span>
</div>
</td>
</tr>
<tr class="tag-test-status" status="fail">
<td><span class="badge log fail-bg">Fail</span></td>
<td>10:52:26 AM</td>
<td>
<a href="#" class="linked" test-id='1' id='22'>US22_TC01 Admin Controller Save Admin</a>
<div class="">
<span class="badge badge-default">Contact_Controller.US22_TC01 Admin Controller Save Admin</span>
</div>
</td>
</tr>
<tr class="tag-test-status" status="pass">
<td><span class="badge log pass-bg">Pass</span></td>
<td>10:53:25 AM</td>
<td>
<a href="#" class="linked" test-id='1' id='28'>US22_TC02 Admin Controller Get All</a>
<div class="">
<span class="badge badge-default">Contact_Controller.US22_TC02 Admin Controller Get All</span>
</div>
</td>
</tr>
<tr class="tag-test-status" status="pass">
<td><span class="badge log pass-bg">Pass</span></td>
<td>10:53:27 AM</td>
<td>
<a href="#" class="linked" test-id='33' id='35'>US04_AC01_TC01 Oluşan Dean'i doğrula (Api)</a>
<div class="">
<span class="badge badge-default">Admin Dean ekleyebilmeli.US04_AC01_TC01 Oluşan Dean'i doğrula (Api)</span>
</div>
</td>
</tr>
<tr class="tag-test-status" status="pass">
<td><span class="badge log pass-bg">Pass</span></td>
<td>10:53:30 AM</td>
<td>
<a href="#" class="linked" test-id='40' id='41'>TC01_Validate_Teacher</a>
<div class="">
<span class="badge badge-default">Get_Teacher.TC01_Validate_Teacher</span>
</div>
</td>
</tr>
<tr class="tag-test-status" status="pass">
<td><span class="badge log pass-bg">Pass</span></td>
<td>10:53:34 AM</td>
<td>
<a href="#" class="linked" test-id='67' id='69'>Vice_Dean_Controller_GetAll</a>
<div class="">
<span class="badge badge-default">Vice_Dean_Controller_GetAll.Vice_Dean_Controller_GetAll</span>
</div>
</td>
</tr>
<tr class="tag-test-status" status="pass">
<td><span class="badge log pass-bg">Pass</span></td>
<td>10:53:36 AM</td>
<td>
<a href="#" class="linked" test-id='74' id='75'>DB US04_AC01_TC01 Validate_Dean_DB</a>
<div class="">
<span class="badge badge-default">Dean_DataBase_Test.DB US04_AC01_TC01 Validate_Dean_DB</span>
</div>
</td>
</tr>
<tr class="tag-test-status" status="pass">
<td><span class="badge log pass-bg">Pass</span></td>
<td>10:53:37 AM</td>
<td>
<a href="#" class="linked" test-id='80' id='81'>jdbc_goksel_us01</a>
<div class="">
<span class="badge badge-default">jdbc_goksel_us01.jdbc_goksel_us01</span>
</div>
</td>
</tr>
<tr class="tag-test-status" status="pass">
<td><span class="badge log pass-bg">Pass</span></td>
<td>10:53:38 AM</td>
<td>
<a href="#" class="linked" test-id='86' id='87'>jdbc_goksel_us02</a>
<div class="">
<span class="badge badge-default">jdbc_goksel_us02.jdbc_goksel_us02</span>
</div>
</td>
</tr>
<tr class="tag-test-status" status="pass">
<td><span class="badge log pass-bg">Pass</span></td>
<td>10:53:39 AM</td>
<td>
<a href="#" class="linked" test-id='92' id='94'>US03 Mesajı doğrula (DataBase)</a>
<div class="">
<span class="badge badge-default">Kullanıcılar sayfadan mesaj gönderebilmelidir.(Contact).US03 Mesajı doğrula (DataBase)</span>
</div>
</td>
</tr>
<tr class="tag-test-status" status="pass">
<td><span class="badge log pass-bg">Pass</span></td>
<td>10:53:40 AM</td>
<td>
<a href="#" class="linked" test-id='98' id='99'>DataBase</a>
<div class="">
<span class="badge badge-default">DataBase.DataBase</span>
</div>
</td>
</tr>
<tr class="tag-test-status" status="fail">
<td><span class="badge log fail-bg">Fail</span></td>
<td>10:53:41 AM</td>
<td>
<a href="#" class="linked" test-id='104' id='105'>TCO1 ogrenci mesajlari sorgulamasi ve dogrulamasi db</a>
<div class="">
<span class="badge badge-default">Dean, db de mesajları, yazarlarını, e-maillerini, gönderilme tarihi ve.TCO1 ogrenci mesajlari sorgulamasi ve dogrulamasi db</span>
</div>
</td>
</tr>
<tr class="tag-test-status" status="fail">
<td><span class="badge log fail-bg">Fail</span></td>
<td>10:53:41 AM</td>
<td>
<a href="#" class="linked" test-id='104' id='110'>TCO2 mesaji gonderenlerin isimlerinin sorgulamasi ve dogrulamasi</a>
<div class="">
<span class="badge badge-default">Dean, db de mesajları, yazarlarını, e-maillerini, gönderilme tarihi ve.TCO2 mesaji gonderenlerin isimlerinin sorgulamasi ve dogrulamasi</span>
</div>
</td>
</tr>
<tr class="tag-test-status" status="fail">
<td><span class="badge log fail-bg">Fail</span></td>
<td>10:53:42 AM</td>
<td>
<a href="#" class="linked" test-id='104' id='115'>TCO3 mesaajlari gonderenlerin emaillerinin sorgulaması ve dogrulamasi</a>
<div class="">
<span class="badge badge-default">Dean, db de mesajları, yazarlarını, e-maillerini, gönderilme tarihi ve.TCO3 mesaajlari gonderenlerin emaillerinin sorgulaması ve dogrulamasi</span>
</div>
</td>
</tr>
<tr class="tag-test-status" status="fail">
<td><span class="badge log fail-bg">Fail</span></td>
<td>10:53:43 AM</td>
<td>
<a href="#" class="linked" test-id='104' id='120'>TC04 mesajların gonderilme tarihlerinin sorgulamasi ve dogrulamasi</a>
<div class="">
<span class="badge badge-default">Dean, db de mesajları, yazarlarını, e-maillerini, gönderilme tarihi ve.TC04 mesajların gonderilme tarihlerinin sorgulamasi ve dogrulamasi</span>
</div>
</td>
</tr>
<tr class="tag-test-status" status="pass">
<td><span class="badge log pass-bg">Pass</span></td>
<td>10:53:44 AM</td>
<td>
<a href="#" class="linked" test-id='125' id='126'>jdbc_fatih_us15</a>
<div class="">
<span class="badge badge-default">jdbc_fatih_us15.jdbc_fatih_us15</span>
</div>
</td>
</tr>
</tbody>
</table>
</div>
</li>
<li class="test-item">
<div class="test-detail">
<span class="meta">
<span class='badge log badge-danger'>4</span>
</span>
<p class="name">@teacher</p>
<p class="duration text-sm">4 tests</p>
</div>
<div class="test-contents d-none">
<div class="info">
<h4>@teacher</h4>
<span status="fail" class='badge log badge-danger'>4 failed</span>
</div>
<table class='table table-sm mt-4'>
<thead>
<tr>
<th class="status-col">Status</th>
<th class="timestamp-col">Timestamp</th>
<th>TestName</th>
</tr>
</thead>
<tbody>
<tr class="tag-test-status" status="fail">
<td><span class="badge log fail-bg">Fail</span></td>
<td>10:53:32 AM</td>
<td>
<a href="#" class="linked" test-id='46' id='47'>TC17_Add_Student_info_POST</a>
<div class="">
<span class="badge badge-default">Add_Student_info.TC17_Add_Student_info_POST</span>
</div>
</td>
</tr>
<tr class="tag-test-status" status="fail">
<td><span class="badge log fail-bg">Fail</span></td>
<td>10:53:32 AM</td>
<td>
<a href="#" class="linked" test-id='46' id='52'>TC17_Add_Student_info_PUT</a>
<div class="">
<span class="badge badge-default">Add_Student_info.TC17_Add_Student_info_PUT</span>
</div>
</td>
</tr>
<tr class="tag-test-status" status="fail">
<td><span class="badge log fail-bg">Fail</span></td>
<td>10:53:33 AM</td>
<td>
<a href="#" class="linked" test-id='46' id='57'>TC17_Add_Student_info_DELETE</a>
<div class="">
<span class="badge badge-default">Add_Student_info.TC17_Add_Student_info_DELETE</span>
</div>
</td>
</tr>
<tr class="tag-test-status" status="fail">
<td><span class="badge log fail-bg">Fail</span></td>
<td>10:53:34 AM</td>
<td>
<a href="#" class="linked" test-id='46' id='62'>TC17_Add_Student_info_GET</a>
<div class="">
<span class="badge badge-default">Add_Student_info.TC17_Add_Student_info_GET</span>
</div>
</td>
</tr>
</tbody>
</table>
</div>
</li>
<li class="test-item">
<div class="test-detail">
<span class="meta">
<span class='badge log pass-bg'>1</span>
</span>
<p class="name">@ApiGetTeacher</p>
<p class="duration text-sm">1 tests</p>
</div>
<div class="test-contents d-none">
<div class="info">
<h4>@ApiGetTeacher</h4>
<span status="pass" class='badge log pass-bg'>1 passed</span>
</div>
<table class='table table-sm mt-4'>
<thead>
<tr>
<th class="status-col">Status</th>
<th class="timestamp-col">Timestamp</th>
<th>TestName</th>
</tr>
</thead>
<tbody>
<tr class="tag-test-status" status="pass">
<td><span class="badge log pass-bg">Pass</span></td>
<td>10:53:30 AM</td>
<td>
<a href="#" class="linked" test-id='40' id='41'>TC01_Validate_Teacher</a>
<div class="">
<span class="badge badge-default">Get_Teacher.TC01_Validate_Teacher</span>
</div>
</td>
</tr>
</tbody>
</table>
</div>
</li>
<li class="test-item">
<div class="test-detail">
<span class="meta">
<span class='badge log pass-bg'>8</span>
</span>
<p class="name">@admin</p>
<p class="duration text-sm">8 tests</p>
</div>
<div class="test-contents d-none">
<div class="info">
<h4>@admin</h4>
<span status="pass" class='badge log pass-bg'>8 passed</span>
</div>
<table class='table table-sm mt-4'>
<thead>
<tr>
<th class="status-col">Status</th>
<th class="timestamp-col">Timestamp</th>
<th>TestName</th>
</tr>
</thead>
<tbody>
<tr class="tag-test-status" status="pass">
<td><span class="badge log pass-bg">Pass</span></td>
<td>10:53:27 AM</td>
<td>
<a href="#" class="linked" test-id='33' id='35'>US04_AC01_TC01 Oluşan Dean'i doğrula (Api)</a>
<div class="">
<span class="badge badge-default">Admin Dean ekleyebilmeli.US04_AC01_TC01 Oluşan Dean'i doğrula (Api)</span>
</div>
</td>
</tr>
<tr class="tag-test-status" status="pass">
<td><span class="badge log pass-bg">Pass</span></td>
<td>10:53:30 AM</td>
<td>
<a href="#" class="linked" test-id='40' id='41'>TC01_Validate_Teacher</a>
<div class="">
<span class="badge badge-default">Get_Teacher.TC01_Validate_Teacher</span>
</div>
</td>
</tr>
<tr class="tag-test-status" status="pass">
<td><span class="badge log pass-bg">Pass</span></td>
<td>10:53:34 AM</td>
<td>
<a href="#" class="linked" test-id='67' id='69'>Vice_Dean_Controller_GetAll</a>
<div class="">
<span class="badge badge-default">Vice_Dean_Controller_GetAll.Vice_Dean_Controller_GetAll</span>
</div>
</td>
</tr>
<tr class="tag-test-status" status="pass">
<td><span class="badge log pass-bg">Pass</span></td>
<td>10:53:36 AM</td>
<td>
<a href="#" class="linked" test-id='74' id='75'>DB US04_AC01_TC01 Validate_Dean_DB</a>
<div class="">
<span class="badge badge-default">Dean_DataBase_Test.DB US04_AC01_TC01 Validate_Dean_DB</span>
</div>
</td>
</tr>
<tr class="tag-test-status" status="pass">
<td><span class="badge log pass-bg">Pass</span></td>
<td>10:53:37 AM</td>
<td>
<a href="#" class="linked" test-id='80' id='81'>jdbc_goksel_us01</a>
<div class="">
<span class="badge badge-default">jdbc_goksel_us01.jdbc_goksel_us01</span>
</div>
</td>
</tr>
<tr class="tag-test-status" status="pass">
<td><span class="badge log pass-bg">Pass</span></td>
<td>10:53:38 AM</td>
<td>
<a href="#" class="linked" test-id='86' id='87'>jdbc_goksel_us02</a>
<div class="">
<span class="badge badge-default">jdbc_goksel_us02.jdbc_goksel_us02</span>
</div>
</td>
</tr>
<tr class="tag-test-status" status="pass">
<td><span class="badge log pass-bg">Pass</span></td>
<td>10:53:40 AM</td>
<td>
<a href="#" class="linked" test-id='98' id='99'>DataBase</a>
<div class="">
<span class="badge badge-default">DataBase.DataBase</span>
</div>
</td>
</tr>
<tr class="tag-test-status" status="pass">
<td><span class="badge log pass-bg">Pass</span></td>
<td>10:53:44 AM</td>
<td>
<a href="#" class="linked" test-id='125' id='126'>jdbc_fatih_us15</a>
<div class="">
<span class="badge badge-default">jdbc_fatih_us15.jdbc_fatih_us15</span>
</div>
</td>
</tr>
</tbody>
</table>
</div>
</li>
<li class="test-item">
<div class="test-detail">
<span class="meta">
<span class='badge log pass-bg'>1</span>
</span>
<p class="name">@niluferDataBase</p>
<p class="duration text-sm">1 tests</p>
</div>
<div class="test-contents d-none">
<div class="info">
<h4>@niluferDataBase</h4>
<span status="pass" class='badge log pass-bg'>1 passed</span>
</div>
<table class='table table-sm mt-4'>
<thead>
<tr>
<th class="status-col">Status</th>
<th class="timestamp-col">Timestamp</th>
<th>TestName</th>
</tr>
</thead>
<tbody>
<tr class="tag-test-status" status="pass">
<td><span class="badge log pass-bg">Pass</span></td>
<td>10:53:40 AM</td>
<td>
<a href="#" class="linked" test-id='98' id='99'>DataBase</a>
<div class="">
<span class="badge badge-default">DataBase.DataBase</span>
</div>
</td>
</tr>
</tbody>
</table>
</div>
</li>
<li class="test-item">
<div class="test-detail">
<span class="meta">
<span class='badge log pass-bg'>7</span>
</span>
<p class="name">@team11Smoke</p>
<p class="duration text-sm">7 tests</p>
</div>
<div class="test-contents d-none">
<div class="info">
<h4>@team11Smoke</h4>
<span status="pass" class='badge log pass-bg'>7 passed</span>
</div>
<table class='table table-sm mt-4'>
<thead>
<tr>
<th class="status-col">Status</th>
<th class="timestamp-col">Timestamp</th>
<th>TestName</th>
</tr>
</thead>
<tbody>
<tr class="tag-test-status" status="pass">
<td><span class="badge log pass-bg">Pass</span></td>
<td>10:53:27 AM</td>
<td>
<a href="#" class="linked" test-id='33' id='35'>US04_AC01_TC01 Oluşan Dean'i doğrula (Api)</a>
<div class="">
<span class="badge badge-default">Admin Dean ekleyebilmeli.US04_AC01_TC01 Oluşan Dean'i doğrula (Api)</span>
</div>
</td>
</tr>
<tr class="tag-test-status" status="pass">
<td><span class="badge log pass-bg">Pass</span></td>
<td>10:53:34 AM</td>
<td>
<a href="#" class="linked" test-id='67' id='69'>Vice_Dean_Controller_GetAll</a>
<div class="">
<span class="badge badge-default">Vice_Dean_Controller_GetAll.Vice_Dean_Controller_GetAll</span>
</div>
</td>
</tr>
<tr class="tag-test-status" status="pass">
<td><span class="badge log pass-bg">Pass</span></td>
<td>10:53:36 AM</td>
<td>
<a href="#" class="linked" test-id='74' id='75'>DB US04_AC01_TC01 Validate_Dean_DB</a>
<div class="">
<span class="badge badge-default">Dean_DataBase_Test.DB US04_AC01_TC01 Validate_Dean_DB</span>
</div>
</td>
</tr>
<tr class="tag-test-status" status="pass">
<td><span class="badge log pass-bg">Pass</span></td>
<td>10:53:37 AM</td>
<td>
<a href="#" class="linked" test-id='80' id='81'>jdbc_goksel_us01</a>
<div class="">
<span class="badge badge-default">jdbc_goksel_us01.jdbc_goksel_us01</span>
</div>
</td>
</tr>
<tr class="tag-test-status" status="pass">
<td><span class="badge log pass-bg">Pass</span></td>
<td>10:53:38 AM</td>
<td>
<a href="#" class="linked" test-id='86' id='87'>jdbc_goksel_us02</a>
<div class="">
<span class="badge badge-default">jdbc_goksel_us02.jdbc_goksel_us02</span>
</div>
</td>
</tr>
<tr class="tag-test-status" status="pass">
<td><span class="badge log pass-bg">Pass</span></td>
<td>10:53:40 AM</td>
<td>
<a href="#" class="linked" test-id='98' id='99'>DataBase</a>
<div class="">
<span class="badge badge-default">DataBase.DataBase</span>
</div>
</td>
</tr>
<tr class="tag-test-status" status="pass">
<td><span class="badge log pass-bg">Pass</span></td>
<td>10:53:44 AM</td>
<td>
<a href="#" class="linked" test-id='125' id='126'>jdbc_fatih_us15</a>
<div class="">
<span class="badge badge-default">jdbc_fatih_us15.jdbc_fatih_us15</span>
</div>
</td>
</tr>
</tbody>
</table>
</div>
</li>
<li class="test-item">
<div class="test-detail">
<span class="meta">
<span class='badge log badge-danger'>1</span>
</span>
<p class="name">@smoke</p>
<p class="duration text-sm">1 tests</p>
</div>
<div class="test-contents d-none">
<div class="info">
<h4>@smoke</h4>
<span status="fail" class='badge log badge-danger'>1 failed</span>
</div>
<table class='table table-sm mt-4'>
<thead>
<tr>
<th class="status-col">Status</th>
<th class="timestamp-col">Timestamp</th>
<th>TestName</th>
</tr>
</thead>
<tbody>
<tr class="tag-test-status" status="fail">
<td><span class="badge log fail-bg">Fail</span></td>
<td>10:53:34 AM</td>
<td>
<a href="#" class="linked" test-id='46' id='62'>TC17_Add_Student_info_GET</a>
<div class="">
<span class="badge badge-default">Add_Student_info.TC17_Add_Student_info_GET</span>
</div>
</td>
</tr>
</tbody>
</table>
</div>
</li>
<li class="test-item">
<div class="test-detail">
<span class="meta">
<span class='badge log pass-bg'>1</span>
</span>
<p class="name">@Dean_ControllerPostGetAll</p>
<p class="duration text-sm">1 tests</p>
</div>
<div class="test-contents d-none">
<div class="info">
<h4>@Dean_ControllerPostGetAll</h4>
<span status="pass" class='badge log pass-bg'>1 passed</span>
</div>
<table class='table table-sm mt-4'>
<thead>
<tr>
<th class="status-col">Status</th>
<th class="timestamp-col">Timestamp</th>
<th>TestName</th>
</tr>
</thead>
<tbody>
<tr class="tag-test-status" status="pass">
<td><span class="badge log pass-bg">Pass</span></td>
<td>10:53:27 AM</td>
<td>
<a href="#" class="linked" test-id='33' id='35'>US04_AC01_TC01 Oluşan Dean'i doğrula (Api)</a>
<div class="">
<span class="badge badge-default">Admin Dean ekleyebilmeli.US04_AC01_TC01 Oluşan Dean'i doğrula (Api)</span>
</div>
</td>
</tr>
</tbody>
</table>
</div>
</li>
<li class="test-item">
<div class="test-detail">
<span class="meta">
<span class='badge log pass-bg'>14</span>
<span class='badge log badge-danger'>10</span>
</span>
<p class="name">@sunum</p>
<p class="duration text-sm">24 tests</p>
</div>
<div class="test-contents d-none">
<div class="info">
<h4>@sunum</h4>
<span status="pass" class='badge log pass-bg'>14 passed</span>
<span status="fail" class='badge log badge-danger'>10 failed</span>
</div>
<table class='table table-sm mt-4'>
<thead>
<tr>
<th class="status-col">Status</th>
<th class="timestamp-col">Timestamp</th>
<th>TestName</th>
</tr>
</thead>
<tbody>
<tr class="tag-test-status" status="pass">
<td><span class="badge log pass-bg">Pass</span></td>
<td>10:52:02 AM</td>
<td>
<a href="#" class="linked" test-id='1' id='2'>US03_TC01 Post Message Positive Testing</a>
<div class="">
<span class="badge badge-default">Contact_Controller.US03_TC01 Post Message Positive Testing</span>
</div>
</td>
</tr>
<tr class="tag-test-status" status="pass">
<td><span class="badge log pass-bg">Pass</span></td>
<td>10:52:17 AM</td>
<td>
<a href="#" class="linked" test-id='1' id='7'>US07_TC01 Contact Message Get All</a>
<div class="">
<span class="badge badge-default">Contact_Controller.US07_TC01 Contact Message Get All</span>
</div>
</td>
</tr>
<tr class="tag-test-status" status="pass">
<td><span class="badge log pass-bg">Pass</span></td>
<td>10:52:24 AM</td>
<td>
<a href="#" class="linked" test-id='1' id='12'>US07_TC02 Contact Message Get_searchByEmail</a>
<div class="">
<span class="badge badge-default">Contact_Controller.US07_TC02 Contact Message Get_searchByEmail</span>
</div>
</td>
</tr>
<tr class="tag-test-status" status="pass">
<td><span class="badge log pass-bg">Pass</span></td>
<td>10:52:25 AM</td>
<td>
<a href="#" class="linked" test-id='1' id='17'>US07_TC03 Contact Message Get_searchBySubject</a>
<div class="">
<span class="badge badge-default">Contact_Controller.US07_TC03 Contact Message Get_searchBySubject</span>
</div>
</td>
</tr>
<tr class="tag-test-status" status="fail">
<td><span class="badge log fail-bg">Fail</span></td>
<td>10:52:26 AM</td>
<td>
<a href="#" class="linked" test-id='1' id='22'>US22_TC01 Admin Controller Save Admin</a>
<div class="">
<span class="badge badge-default">Contact_Controller.US22_TC01 Admin Controller Save Admin</span>
</div>
</td>
</tr>
<tr class="tag-test-status" status="pass">
<td><span class="badge log pass-bg">Pass</span></td>
<td>10:53:25 AM</td>
<td>
<a href="#" class="linked" test-id='1' id='28'>US22_TC02 Admin Controller Get All</a>
<div class="">
<span class="badge badge-default">Contact_Controller.US22_TC02 Admin Controller Get All</span>
</div>
</td>
</tr>
<tr class="tag-test-status" status="pass">
<td><span class="badge log pass-bg">Pass</span></td>
<td>10:53:27 AM</td>
<td>
<a href="#" class="linked" test-id='33' id='35'>US04_AC01_TC01 Oluşan Dean'i doğrula (Api)</a>
<div class="">
<span class="badge badge-default">Admin Dean ekleyebilmeli.US04_AC01_TC01 Oluşan Dean'i doğrula (Api)</span>
</div>
</td>
</tr>
<tr class="tag-test-status" status="pass">
<td><span class="badge log pass-bg">Pass</span></td>
<td>10:53:30 AM</td>
<td>
<a href="#" class="linked" test-id='40' id='41'>TC01_Validate_Teacher</a>
<div class="">
<span class="badge badge-default">Get_Teacher.TC01_Validate_Teacher</span>
</div>
</td>
</tr>
<tr class="tag-test-status" status="fail">
<td><span class="badge log fail-bg">Fail</span></td>
<td>10:53:32 AM</td>
<td>
<a href="#" class="linked" test-id='46' id='47'>TC17_Add_Student_info_POST</a>
<div class="">
<span class="badge badge-default">Add_Student_info.TC17_Add_Student_info_POST</span>
</div>
</td>
</tr>
<tr class="tag-test-status" status="fail">
<td><span class="badge log fail-bg">Fail</span></td>
<td>10:53:32 AM</td>
<td>
<a href="#" class="linked" test-id='46' id='52'>TC17_Add_Student_info_PUT</a>
<div class="">
<span class="badge badge-default">Add_Student_info.TC17_Add_Student_info_PUT</span>
</div>
</td>
</tr>
<tr class="tag-test-status" status="fail">
<td><span class="badge log fail-bg">Fail</span></td>
<td>10:53:33 AM</td>
<td>
<a href="#" class="linked" test-id='46' id='57'>TC17_Add_Student_info_DELETE</a>
<div class="">
<span class="badge badge-default">Add_Student_info.TC17_Add_Student_info_DELETE</span>
</div>
</td>
</tr>
<tr class="tag-test-status" status="fail">
<td><span class="badge log fail-bg">Fail</span></td>
<td>10:53:34 AM</td>
<td>
<a href="#" class="linked" test-id='46' id='62'>TC17_Add_Student_info_GET</a>
<div class="">
<span class="badge badge-default">Add_Student_info.TC17_Add_Student_info_GET</span>
</div>
</td>
</tr>
<tr class="tag-test-status" status="pass">
<td><span class="badge log pass-bg">Pass</span></td>
<td>10:53:34 AM</td>
<td>
<a href="#" class="linked" test-id='67' id='69'>Vice_Dean_Controller_GetAll</a>
<div class="">
<span class="badge badge-default">Vice_Dean_Controller_GetAll.Vice_Dean_Controller_GetAll</span>
</div>
</td>
</tr>
<tr class="tag-test-status" status="pass">
<td><span class="badge log pass-bg">Pass</span></td>
<td>10:53:36 AM</td>
<td>
<a href="#" class="linked" test-id='74' id='75'>DB US04_AC01_TC01 Validate_Dean_DB</a>
<div class="">
<span class="badge badge-default">Dean_DataBase_Test.DB US04_AC01_TC01 Validate_Dean_DB</span>
</div>
</td>
</tr>
<tr class="tag-test-status" status="pass">
<td><span class="badge log pass-bg">Pass</span></td>
<td>10:53:37 AM</td>
<td>
<a href="#" class="linked" test-id='80' id='81'>jdbc_goksel_us01</a>
<div class="">
<span class="badge badge-default">jdbc_goksel_us01.jdbc_goksel_us01</span>
</div>
</td>
</tr>
<tr class="tag-test-status" status="pass">
<td><span class="badge log pass-bg">Pass</span></td>
<td>10:53:38 AM</td>
<td>
<a href="#" class="linked" test-id='86' id='87'>jdbc_goksel_us02</a>
<div class="">
<span class="badge badge-default">jdbc_goksel_us02.jdbc_goksel_us02</span>
</div>
</td>
</tr>
<tr class="tag-test-status" status="pass">
<td><span class="badge log pass-bg">Pass</span></td>
<td>10:53:39 AM</td>
<td>
<a href="#" class="linked" test-id='92' id='94'>US03 Mesajı doğrula (DataBase)</a>
<div class="">
<span class="badge badge-default">Kullanıcılar sayfadan mesaj gönderebilmelidir.(Contact).US03 Mesajı doğrula (DataBase)</span>
</div>
</td>
</tr>
<tr class="tag-test-status" status="pass">
<td><span class="badge log pass-bg">Pass</span></td>
<td>10:53:40 AM</td>
<td>
<a href="#" class="linked" test-id='98' id='99'>DataBase</a>
<div class="">
<span class="badge badge-default">DataBase.DataBase</span>
</div>
</td>
</tr>
<tr class="tag-test-status" status="fail">
<td><span class="badge log fail-bg">Fail</span></td>
<td>10:53:41 AM</td>
<td>
<a href="#" class="linked" test-id='104' id='105'>TCO1 ogrenci mesajlari sorgulamasi ve dogrulamasi db</a>
<div class="">
<span class="badge badge-default">Dean, db de mesajları, yazarlarını, e-maillerini, gönderilme tarihi ve.TCO1 ogrenci mesajlari sorgulamasi ve dogrulamasi db</span>
</div>
</td>
</tr>
<tr class="tag-test-status" status="fail">
<td><span class="badge log fail-bg">Fail</span></td>
<td>10:53:41 AM</td>
<td>
<a href="#" class="linked" test-id='104' id='110'>TCO2 mesaji gonderenlerin isimlerinin sorgulamasi ve dogrulamasi</a>
<div class="">
<span class="badge badge-default">Dean, db de mesajları, yazarlarını, e-maillerini, gönderilme tarihi ve.TCO2 mesaji gonderenlerin isimlerinin sorgulamasi ve dogrulamasi</span>
</div>
</td>
</tr>
<tr class="tag-test-status" status="fail">
<td><span class="badge log fail-bg">Fail</span></td>
<td>10:53:42 AM</td>
<td>
<a href="#" class="linked" test-id='104' id='115'>TCO3 mesaajlari gonderenlerin emaillerinin sorgulaması ve dogrulamasi</a>
<div class="">
<span class="badge badge-default">Dean, db de mesajları, yazarlarını, e-maillerini, gönderilme tarihi ve.TCO3 mesaajlari gonderenlerin emaillerinin sorgulaması ve dogrulamasi</span>
</div>
</td>
</tr>
<tr class="tag-test-status" status="fail">
<td><span class="badge log fail-bg">Fail</span></td>
<td>10:53:43 AM</td>
<td>
<a href="#" class="linked" test-id='104' id='120'>TC04 mesajların gonderilme tarihlerinin sorgulamasi ve dogrulamasi</a>
<div class="">
<span class="badge badge-default">Dean, db de mesajları, yazarlarını, e-maillerini, gönderilme tarihi ve.TC04 mesajların gonderilme tarihlerinin sorgulamasi ve dogrulamasi</span>
</div>
</td>
</tr>
<tr class="tag-test-status" status="pass">
<td><span class="badge log pass-bg">Pass</span></td>
<td>10:53:44 AM</td>
<td>
<a href="#" class="linked" test-id='125' id='126'>jdbc_fatih_us15</a>
<div class="">
<span class="badge badge-default">jdbc_fatih_us15.jdbc_fatih_us15</span>
</div>
</td>
</tr>
<tr class="tag-test-status" status="fail">
<td><span class="badge log fail-bg">Fail</span></td>
<td>10:53:45 AM</td>
<td>
<a href="#" class="linked" test-id='131' id='132'>TC19_Validate_teacher_DB</a>
<div class="">
<span class="badge badge-default">teacher_DataBase_Test.TC19_Validate_teacher_DB</span>
</div>
</td>
</tr>
</tbody>
</table>
</div>
</li>
</ul>
</div>
</div>
<div class="test-content scrollable">
<div class="test-content-detail">
<div class="detail-body"></div>
</div>
</div>
</div><div class="test-wrapper row view exception-view attributes-view">
<div class="test-list">
<div class="test-list-tools">
<ul class="tools pull-left"><li><a href=""><span class="font-size-14">Exception</span></a></li></ul>
<ul class="tools text-right"><li><a href="#"><span class="badge badge-primary">6</span></a></li></ul>
</div>
<div class="test-list-wrapper scrollable">
<ul class="test-list-item">
<li class="test-item">
<div class="test-detail">
<span class="meta">
<span class='badge log badge-danger'>1</span>
</span>
<p class="name">junit.framework.ComparisonFailure</p>
<p class="duration text-sm">1 tests</p>
</div>
<div class="test-contents d-none">
<div class="info">
<h4>junit.framework.ComparisonFailure</h4>
<span status="fail" class='badge log badge-danger'>1 failed</span>
</div>
<table class='table table-sm mt-4'>
<thead>
<tr>
<th class="status-col">Status</th>
<th class="timestamp-col">Timestamp</th>
<th>TestName</th>
</tr>
</thead>
<tbody>
<tr class="tag-test-status" status="fail">
<td><span class="badge log fail-bg">Fail</span></td>
<td>10:52:27 AM</td>
<td>
<a href="#" class="linked" test-id='1' id='26'>Then Do assertion admin_controller_postAdmin</a>
<div class="">
<span class="badge badge-default">Contact_Controller.US22_TC01 Admin Controller Save Admin.Then Do assertion admin_controller_postAdmin</span>
</div>
</td>
</tr>
</tbody>
</table>
</div>
</li>
<li class="test-item">
<div class="test-detail">
<span class="meta">
<span class='badge log badge-danger'>9</span>
</span>
<p class="name">org.openqa.selenium.NoSuchSessionException</p>
<p class="duration text-sm">9 tests</p>
</div>
<div class="test-contents d-none">
<div class="info">
<h4>org.openqa.selenium.NoSuchSessionException</h4>
<span status="fail" class='badge log badge-danger'>9 failed</span>
</div>
<table class='table table-sm mt-4'>
<thead>
<tr>
<th class="status-col">Status</th>
<th class="timestamp-col">Timestamp</th>
<th>TestName</th>
</tr>
</thead>
<tbody>
<tr class="tag-test-status" status="fail">
<td><span class="badge log fail-bg">Fail</span></td>
<td>10:53:32 AM</td>
<td>
<a href="#" class="linked" test-id='46' id='51'>hooks.Hooks.tearDownScenarios(io.cucumber.java.Scenario)</a>
<div class="">
<span class="badge badge-default">Add_Student_info.TC17_Add_Student_info_POST.hooks.Hooks.tearDownScenarios(io.cucumber.java.Scenario)</span>
</div>
</td>
</tr>
<tr class="tag-test-status" status="fail">
<td><span class="badge log fail-bg">Fail</span></td>
<td>10:53:32 AM</td>
<td>
<a href="#" class="linked" test-id='46' id='56'>hooks.Hooks.tearDownScenarios(io.cucumber.java.Scenario)</a>
<div class="">
<span class="badge badge-default">Add_Student_info.TC17_Add_Student_info_PUT.hooks.Hooks.tearDownScenarios(io.cucumber.java.Scenario)</span>
</div>
</td>
</tr>
<tr class="tag-test-status" status="fail">
<td><span class="badge log fail-bg">Fail</span></td>
<td>10:53:33 AM</td>
<td>
<a href="#" class="linked" test-id='46' id='61'>hooks.Hooks.tearDownScenarios(io.cucumber.java.Scenario)</a>
<div class="">
<span class="badge badge-default">Add_Student_info.TC17_Add_Student_info_DELETE.hooks.Hooks.tearDownScenarios(io.cucumber.java.Scenario)</span>
</div>
</td>
</tr>
<tr class="tag-test-status" status="fail">
<td><span class="badge log fail-bg">Fail</span></td>
<td>10:53:34 AM</td>
<td>
<a href="#" class="linked" test-id='46' id='66'>hooks.Hooks.tearDownScenarios(io.cucumber.java.Scenario)</a>
<div class="">
<span class="badge badge-default">Add_Student_info.TC17_Add_Student_info_GET.hooks.Hooks.tearDownScenarios(io.cucumber.java.Scenario)</span>
</div>
</td>
</tr>
<tr class="tag-test-status" status="fail">
<td><span class="badge log fail-bg">Fail</span></td>
<td>10:53:41 AM</td>
<td>
<a href="#" class="linked" test-id='104' id='109'>hooks.Hooks.tearDownScenarios(io.cucumber.java.Scenario)</a>
<div class="">
<span class="badge badge-default">Dean, db de mesajları, yazarlarını, e-maillerini, gönderilme tarihi ve.TCO1 ogrenci mesajlari sorgulamasi ve dogrulamasi db.hooks.Hooks.tearDownScenarios(io.cucumber.java.Scenario)</span>
</div>
</td>
</tr>
<tr class="tag-test-status" status="fail">
<td><span class="badge log fail-bg">Fail</span></td>
<td>10:53:41 AM</td>
<td>
<a href="#" class="linked" test-id='104' id='114'>hooks.Hooks.tearDownScenarios(io.cucumber.java.Scenario)</a>
<div class="">
<span class="badge badge-default">Dean, db de mesajları, yazarlarını, e-maillerini, gönderilme tarihi ve.TCO2 mesaji gonderenlerin isimlerinin sorgulamasi ve dogrulamasi.hooks.Hooks.tearDownScenarios(io.cucumber.java.Scenario)</span>
</div>
</td>
</tr>
<tr class="tag-test-status" status="fail">
<td><span class="badge log fail-bg">Fail</span></td>
<td>10:53:42 AM</td>
<td>
<a href="#" class="linked" test-id='104' id='119'>hooks.Hooks.tearDownScenarios(io.cucumber.java.Scenario)</a>
<div class="">
<span class="badge badge-default">Dean, db de mesajları, yazarlarını, e-maillerini, gönderilme tarihi ve.TCO3 mesaajlari gonderenlerin emaillerinin sorgulaması ve dogrulamasi.hooks.Hooks.tearDownScenarios(io.cucumber.java.Scenario)</span>
</div>
</td>
</tr>
<tr class="tag-test-status" status="fail">
<td><span class="badge log fail-bg">Fail</span></td>
<td>10:53:43 AM</td>
<td>
<a href="#" class="linked" test-id='104' id='124'>hooks.Hooks.tearDownScenarios(io.cucumber.java.Scenario)</a>
<div class="">
<span class="badge badge-default">Dean, db de mesajları, yazarlarını, e-maillerini, gönderilme tarihi ve.TC04 mesajların gonderilme tarihlerinin sorgulamasi ve dogrulamasi.hooks.Hooks.tearDownScenarios(io.cucumber.java.Scenario)</span>
</div>
</td>
</tr>
<tr class="tag-test-status" status="fail">
<td><span class="badge log fail-bg">Fail</span></td>
<td>10:53:46 AM</td>
<td>
<a href="#" class="linked" test-id='131' id='135'>hooks.Hooks.tearDownScenarios(io.cucumber.java.Scenario)</a>
<div class="">
<span class="badge badge-default">teacher_DataBase_Test.TC19_Validate_teacher_DB.hooks.Hooks.tearDownScenarios(io.cucumber.java.Scenario)</span>
</div>
</td>
</tr>
</tbody>
</table>
</div>
</li>
<li class="test-item">
<div class="test-detail">
<span class="meta">
<span class='badge log badge-danger'>4</span>
</span>
<p class="name">io.cucumber.core.exception.CucumberException</p>
<p class="duration text-sm">4 tests</p>
</div>
<div class="test-contents d-none">
<div class="info">
<h4>io.cucumber.core.exception.CucumberException</h4>
<span status="fail" class='badge log badge-danger'>4 failed</span>
</div>
<table class='table table-sm mt-4'>
<thead>
<tr>
<th class="status-col">Status</th>
<th class="timestamp-col">Timestamp</th>
<th>TestName</th>
</tr>
</thead>
<tbody>
<tr class="tag-test-status" status="fail">
<td><span class="badge log fail-bg">Fail</span></td>
<td>10:53:41 AM</td>
<td>
<a href="#" class="linked" test-id='104' id='106'>Given Database icin contact saglanir</a>
<div class="">
<span class="badge badge-default">Dean, db de mesajları, yazarlarını, e-maillerini, gönderilme tarihi ve.TCO1 ogrenci mesajlari sorgulamasi ve dogrulamasi db.Given Database icin contact saglanir</span>
</div>
</td>
</tr>
<tr class="tag-test-status" status="fail">
<td><span class="badge log fail-bg">Fail</span></td>
<td>10:53:41 AM</td>
<td>
<a href="#" class="linked" test-id='104' id='111'>Given Database icin contact saglanir</a>
<div class="">
<span class="badge badge-default">Dean, db de mesajları, yazarlarını, e-maillerini, gönderilme tarihi ve.TCO2 mesaji gonderenlerin isimlerinin sorgulamasi ve dogrulamasi.Given Database icin contact saglanir</span>
</div>
</td>
</tr>
<tr class="tag-test-status" status="fail">
<td><span class="badge log fail-bg">Fail</span></td>
<td>10:53:42 AM</td>
<td>
<a href="#" class="linked" test-id='104' id='116'>Given Database icin contact saglanir</a>
<div class="">
<span class="badge badge-default">Dean, db de mesajları, yazarlarını, e-maillerini, gönderilme tarihi ve.TCO3 mesaajlari gonderenlerin emaillerinin sorgulaması ve dogrulamasi.Given Database icin contact saglanir</span>
</div>
</td>
</tr>
<tr class="tag-test-status" status="fail">
<td><span class="badge log fail-bg">Fail</span></td>
<td>10:53:43 AM</td>
<td>
<a href="#" class="linked" test-id='104' id='121'>Given Database icin contact saglanir</a>
<div class="">
<span class="badge badge-default">Dean, db de mesajları, yazarlarını, e-maillerini, gönderilme tarihi ve.TC04 mesajların gonderilme tarihlerinin sorgulamasi ve dogrulamasi.Given Database icin contact saglanir</span>
</div>
</td>
</tr>
</tbody>
</table>
</div>
</li>
<li class="test-item">
<div class="test-detail">
<span class="meta">
<span class='badge log badge-danger'>4</span>
</span>
<p class="name">java.lang.IllegalArgumentException</p>
<p class="duration text-sm">4 tests</p>
</div>
<div class="test-contents d-none">
<div class="info">
<h4>java.lang.IllegalArgumentException</h4>
<span status="fail" class='badge log badge-danger'>4 failed</span>
</div>
<table class='table table-sm mt-4'>
<thead>
<tr>
<th class="status-col">Status</th>
<th class="timestamp-col">Timestamp</th>
<th>TestName</th>
</tr>
</thead>
<tbody>
<tr class="tag-test-status" status="fail">
<td><span class="badge log fail-bg">Fail</span></td>
<td>10:53:32 AM</td>
<td>
<a href="#" class="linked" test-id='46' id='48'>hooks.Hooks.beforeApiTeacher()</a>
<div class="">
<span class="badge badge-default">Add_Student_info.TC17_Add_Student_info_POST.hooks.Hooks.beforeApiTeacher()</span>
</div>
</td>
</tr>
<tr class="tag-test-status" status="fail">
<td><span class="badge log fail-bg">Fail</span></td>
<td>10:53:32 AM</td>
<td>
<a href="#" class="linked" test-id='46' id='53'>hooks.Hooks.beforeApiTeacher()</a>
<div class="">
<span class="badge badge-default">Add_Student_info.TC17_Add_Student_info_PUT.hooks.Hooks.beforeApiTeacher()</span>
</div>
</td>
</tr>
<tr class="tag-test-status" status="fail">
<td><span class="badge log fail-bg">Fail</span></td>
<td>10:53:33 AM</td>
<td>
<a href="#" class="linked" test-id='46' id='58'>hooks.Hooks.beforeApiTeacher()</a>
<div class="">
<span class="badge badge-default">Add_Student_info.TC17_Add_Student_info_DELETE.hooks.Hooks.beforeApiTeacher()</span>
</div>
</td>
</tr>
<tr class="tag-test-status" status="fail">
<td><span class="badge log fail-bg">Fail</span></td>
<td>10:53:34 AM</td>
<td>
<a href="#" class="linked" test-id='46' id='63'>hooks.Hooks.beforeApiTeacher()</a>
<div class="">
<span class="badge badge-default">Add_Student_info.TC17_Add_Student_info_GET.hooks.Hooks.beforeApiTeacher()</span>
</div>
</td>
</tr>
</tbody>
</table>
</div>
</li>
<li class="test-item">
<div class="test-detail">
<span class="meta">
<span class='badge log badge-danger'>1</span>
</span>
<p class="name">org.junit.ComparisonFailure</p>
<p class="duration text-sm">1 tests</p>
</div>
<div class="test-contents d-none">
<div class="info">
<h4>org.junit.ComparisonFailure</h4>
<span status="fail" class='badge log badge-danger'>1 failed</span>
</div>
<table class='table table-sm mt-4'>
<thead>
<tr>
<th class="status-col">Status</th>
<th class="timestamp-col">Timestamp</th>
<th>TestName</th>
</tr>
</thead>
<tbody>
<tr class="tag-test-status" status="fail">
<td><span class="badge log fail-bg">Fail</span></td>
<td>10:53:46 AM</td>
<td>
<a href="#" class="linked" test-id='131' id='134'>Then emin Validate data</a>
<div class="">
<span class="badge badge-default">teacher_DataBase_Test.TC19_Validate_teacher_DB.Then emin Validate data</span>
</div>
</td>
</tr>
</tbody>
</table>
</div>
</li>
<li class="test-item">
<div class="test-detail">
<span class="meta">
<span class='badge log badge-danger'>1</span>
</span>
<p class="name">org.openqa.selenium.WebDriverException</p>
<p class="duration text-sm">1 tests</p>
</div>
<div class="test-contents d-none">
<div class="info">
<h4>org.openqa.selenium.WebDriverException</h4>
<span status="fail" class='badge log badge-danger'>1 failed</span>
</div>
<table class='table table-sm mt-4'>
<thead>
<tr>
<th class="status-col">Status</th>
<th class="timestamp-col">Timestamp</th>
<th>TestName</th>
</tr>
</thead>
<tbody>
<tr class="tag-test-status" status="fail">
<td><span class="badge log fail-bg">Fail</span></td>
<td>10:52:28 AM</td>
<td>
<a href="#" class="linked" test-id='1' id='27'>hooks.Hooks.tearDownScenarios(io.cucumber.java.Scenario)</a>
<div class="">
<span class="badge badge-default">Contact_Controller.US22_TC01 Admin Controller Save Admin.hooks.Hooks.tearDownScenarios(io.cucumber.java.Scenario)</span>
</div>
</td>
</tr>
</tbody>
</table>
</div>
</li>
</ul>
</div>
</div>
<div class="test-content scrollable">
<div class="test-content-detail">
<div class="detail-body"></div>
</div>
</div>
</div>        </div>
      </div>
    </div>
  </div>
<script src="https://cdn.jsdelivr.net/gh/extent-framework/extent-github-cdn@d6562a79075e061305ccfdb82f01e5e195e2d307/spark/js/spark-script.js"></script>
<script type="text/javascript"></script></body>
</html>